2022/03/31 16:14:13 [notice] 1#1: using the "epoll" event method
2022/03/31 16:14:13 [notice] 1#1: nginx/1.21.4
2022/03/31 16:14:13 [notice] 1#1: built by gcc 10.3.1 20210424 (Alpine 10.3.1_git20210424) 
2022/03/31 16:14:13 [notice] 1#1: OS: Linux 5.10.47-linuxkit
2022/03/31 16:14:13 [notice] 1#1: getrlimit(RLIMIT_NOFILE): 1048576:1048576
2022/03/31 16:14:13 [notice] 1#1: start worker processes
2022/03/31 16:14:13 [notice] 1#1: start worker process 25
2022/03/31 16:14:13 [notice] 1#1: start worker process 26
2022/03/31 16:14:13 [notice] 1#1: start worker process 27
2022/03/31 16:14:13 [notice] 1#1: start worker process 28
2022/04/01 01:18:15 [error] 26#26: *1344 directory index of "/var/www/html/public/Assets/" is forbidden, client: 172.31.0.1, server: , request: "GET /Assets/ HTTP/1.1", host: "localhost", referrer: "http://localhost/"
2022/04/01 01:18:15 [error] 26#26: *1344 directory index of "/var/www/html/public/Assets/" is forbidden, client: 172.31.0.1, server: , request: "GET /Assets/ HTTP/1.1", host: "localhost", referrer: "http://localhost/"
2022/04/01 04:59:02 [notice] 1#1: signal 3 (SIGQUIT) received, shutting down
2022/04/01 04:59:02 [notice] 25#25: gracefully shutting down
2022/04/01 04:59:02 [notice] 26#26: gracefully shutting down
2022/04/01 04:59:02 [notice] 27#27: gracefully shutting down
2022/04/01 04:59:02 [notice] 27#27: exiting
2022/04/01 04:59:02 [notice] 28#28: gracefully shutting down
2022/04/01 04:59:02 [notice] 25#25: exiting
2022/04/01 04:59:02 [notice] 26#26: exiting
2022/04/01 04:59:02 [notice] 27#27: exit
2022/04/01 04:59:02 [notice] 28#28: exiting
2022/04/01 04:59:02 [notice] 28#28: exit
2022/04/01 04:59:02 [notice] 25#25: exit
2022/04/01 04:59:02 [notice] 26#26: exit
2022/04/01 04:59:02 [notice] 1#1: signal 17 (SIGCHLD) received from 28
2022/04/01 04:59:02 [notice] 1#1: worker process 28 exited with code 0
2022/04/01 04:59:02 [notice] 1#1: signal 29 (SIGIO) received
2022/04/01 04:59:02 [notice] 1#1: signal 17 (SIGCHLD) received from 26
2022/04/01 04:59:02 [notice] 1#1: worker process 25 exited with code 0
2022/04/01 04:59:02 [notice] 1#1: worker process 26 exited with code 0
2022/04/01 04:59:02 [notice] 1#1: signal 29 (SIGIO) received
2022/04/01 04:59:02 [notice] 1#1: signal 17 (SIGCHLD) received from 27
2022/04/01 04:59:02 [notice] 1#1: worker process 27 exited with code 0
2022/04/01 04:59:02 [notice] 1#1: exit
2022/04/01 04:59:13 [notice] 1#1: using the "epoll" event method
2022/04/01 04:59:13 [notice] 1#1: nginx/1.21.4
2022/04/01 04:59:13 [notice] 1#1: built by gcc 10.3.1 20210424 (Alpine 10.3.1_git20210424) 
2022/04/01 04:59:13 [notice] 1#1: OS: Linux 5.10.47-linuxkit
2022/04/01 04:59:13 [notice] 1#1: getrlimit(RLIMIT_NOFILE): 1048576:1048576
2022/04/01 04:59:13 [notice] 1#1: start worker processes
2022/04/01 04:59:13 [notice] 1#1: start worker process 22
2022/04/01 04:59:13 [notice] 1#1: start worker process 23
2022/04/01 04:59:13 [notice] 1#1: start worker process 24
2022/04/01 04:59:13 [notice] 1#1: start worker process 25
2022/04/01 05:03:18 [notice] 1#1: signal 3 (SIGQUIT) received, shutting down
2022/04/01 05:03:18 [notice] 23#23: gracefully shutting down
2022/04/01 05:03:18 [notice] 22#22: gracefully shutting down
2022/04/01 05:03:18 [notice] 25#25: gracefully shutting down
2022/04/01 05:03:18 [notice] 24#24: gracefully shutting down
2022/04/01 05:03:18 [notice] 23#23: exiting
2022/04/01 05:03:18 [notice] 22#22: exiting
2022/04/01 05:03:18 [notice] 25#25: exiting
2022/04/01 05:03:18 [notice] 25#25: exit
2022/04/01 05:03:18 [notice] 24#24: exiting
2022/04/01 05:03:18 [notice] 23#23: exit
2022/04/01 05:03:18 [notice] 22#22: exit
2022/04/01 05:03:18 [notice] 24#24: exit
2022/04/01 05:03:19 [notice] 1#1: signal 17 (SIGCHLD) received from 23
2022/04/01 05:03:19 [notice] 1#1: worker process 23 exited with code 0
2022/04/01 05:03:19 [notice] 1#1: worker process 22 exited with code 0
2022/04/01 05:03:19 [notice] 1#1: worker process 25 exited with code 0
2022/04/01 05:03:19 [notice] 1#1: signal 29 (SIGIO) received
2022/04/01 05:03:19 [notice] 1#1: signal 17 (SIGCHLD) received from 22
2022/04/01 05:03:19 [notice] 1#1: signal 17 (SIGCHLD) received from 24
2022/04/01 05:03:19 [notice] 1#1: worker process 24 exited with code 0
2022/04/01 05:03:19 [notice] 1#1: exit
2022/04/01 05:03:25 [notice] 1#1: using the "epoll" event method
2022/04/01 05:03:25 [notice] 1#1: nginx/1.21.4
2022/04/01 05:03:25 [notice] 1#1: built by gcc 10.3.1 20210424 (Alpine 10.3.1_git20210424) 
2022/04/01 05:03:25 [notice] 1#1: OS: Linux 5.10.47-linuxkit
2022/04/01 05:03:25 [notice] 1#1: getrlimit(RLIMIT_NOFILE): 1048576:1048576
2022/04/01 05:03:25 [notice] 1#1: start worker processes
2022/04/01 05:03:25 [notice] 1#1: start worker process 24
2022/04/01 05:03:25 [notice] 1#1: start worker process 25
2022/04/01 05:03:25 [notice] 1#1: start worker process 26
2022/04/01 05:03:25 [notice] 1#1: start worker process 27
2022/04/01 05:09:04 [notice] 1#1: signal 3 (SIGQUIT) received, shutting down
2022/04/01 05:09:04 [notice] 24#24: gracefully shutting down
2022/04/01 05:09:04 [notice] 25#25: gracefully shutting down
2022/04/01 05:09:04 [notice] 26#26: gracefully shutting down
2022/04/01 05:09:04 [notice] 27#27: gracefully shutting down
2022/04/01 05:09:04 [notice] 24#24: exiting
2022/04/01 05:09:04 [notice] 25#25: exiting
2022/04/01 05:09:04 [notice] 26#26: exiting
2022/04/01 05:09:04 [notice] 27#27: exiting
2022/04/01 05:09:04 [notice] 24#24: exit
2022/04/01 05:09:04 [notice] 25#25: exit
2022/04/01 05:09:04 [notice] 26#26: exit
2022/04/01 05:09:04 [notice] 27#27: exit
2022/04/01 05:09:04 [notice] 1#1: signal 17 (SIGCHLD) received from 26
2022/04/01 05:09:04 [notice] 1#1: worker process 24 exited with code 0
2022/04/01 05:09:04 [notice] 1#1: worker process 25 exited with code 0
2022/04/01 05:09:04 [notice] 1#1: worker process 26 exited with code 0
2022/04/01 05:09:04 [notice] 1#1: signal 29 (SIGIO) received
2022/04/01 05:09:04 [notice] 1#1: signal 17 (SIGCHLD) received from 24
2022/04/01 05:09:04 [notice] 1#1: signal 17 (SIGCHLD) received from 27
2022/04/01 05:09:04 [notice] 1#1: worker process 27 exited with code 0
2022/04/01 05:09:04 [notice] 1#1: exit
2022/04/01 05:09:13 [notice] 1#1: using the "epoll" event method
2022/04/01 05:09:13 [notice] 1#1: nginx/1.21.4
2022/04/01 05:09:13 [notice] 1#1: built by gcc 10.3.1 20210424 (Alpine 10.3.1_git20210424) 
2022/04/01 05:09:13 [notice] 1#1: OS: Linux 5.10.47-linuxkit
2022/04/01 05:09:13 [notice] 1#1: getrlimit(RLIMIT_NOFILE): 1048576:1048576
2022/04/01 05:09:13 [notice] 1#1: start worker processes
2022/04/01 05:09:13 [notice] 1#1: start worker process 26
2022/04/01 05:09:13 [notice] 1#1: start worker process 27
2022/04/01 05:09:13 [notice] 1#1: start worker process 28
2022/04/01 05:09:13 [notice] 1#1: start worker process 29
2022/04/01 05:09:55 [notice] 1#1: signal 3 (SIGQUIT) received, shutting down
2022/04/01 05:09:55 [notice] 27#27: gracefully shutting down
2022/04/01 05:09:55 [notice] 28#28: gracefully shutting down
2022/04/01 05:09:55 [notice] 29#29: gracefully shutting down
2022/04/01 05:09:55 [notice] 26#26: gracefully shutting down
2022/04/01 05:09:55 [notice] 27#27: exiting
2022/04/01 05:09:55 [notice] 28#28: exiting
2022/04/01 05:09:55 [notice] 29#29: exiting
2022/04/01 05:09:55 [notice] 29#29: exit
2022/04/01 05:09:55 [notice] 26#26: exiting
2022/04/01 05:09:55 [notice] 27#27: exit
2022/04/01 05:09:55 [notice] 28#28: exit
2022/04/01 05:09:55 [notice] 26#26: exit
2022/04/01 05:09:55 [notice] 1#1: signal 17 (SIGCHLD) received from 29
2022/04/01 05:09:55 [notice] 1#1: worker process 29 exited with code 0
2022/04/01 05:09:55 [notice] 1#1: signal 29 (SIGIO) received
2022/04/01 05:09:55 [notice] 1#1: signal 17 (SIGCHLD) received from 28
2022/04/01 05:09:55 [notice] 1#1: worker process 27 exited with code 0
2022/04/01 05:09:55 [notice] 1#1: worker process 28 exited with code 0
2022/04/01 05:09:55 [notice] 1#1: signal 29 (SIGIO) received
2022/04/01 05:09:55 [notice] 1#1: signal 17 (SIGCHLD) received from 26
2022/04/01 05:09:55 [notice] 1#1: worker process 26 exited with code 0
2022/04/01 05:09:55 [notice] 1#1: exit
2022/04/01 05:10:03 [notice] 1#1: using the "epoll" event method
2022/04/01 05:10:03 [notice] 1#1: nginx/1.21.4
2022/04/01 05:10:03 [notice] 1#1: built by gcc 10.3.1 20210424 (Alpine 10.3.1_git20210424) 
2022/04/01 05:10:03 [notice] 1#1: OS: Linux 5.10.47-linuxkit
2022/04/01 05:10:03 [notice] 1#1: getrlimit(RLIMIT_NOFILE): 1048576:1048576
2022/04/01 05:10:03 [notice] 1#1: start worker processes
2022/04/01 05:10:03 [notice] 1#1: start worker process 22
2022/04/01 05:10:03 [notice] 1#1: start worker process 23
2022/04/01 05:10:03 [notice] 1#1: start worker process 24
2022/04/01 05:10:03 [notice] 1#1: start worker process 25
2022/04/01 05:10:20 [error] 22#22: *2 connect() failed (113: Host is unreachable) while connecting to upstream, client: 192.168.32.1, server: , request: "GET /login HTTP/1.1", upstream: "fastcgi://192.168.32.3:9000", host: "localhost"
2022/04/01 05:10:23 [error] 22#22: *2 connect() failed (113: Host is unreachable) while connecting to upstream, client: 192.168.32.1, server: , request: "GET /login HTTP/1.1", upstream: "fastcgi://192.168.32.3:9000", host: "localhost"
2022/04/01 05:10:40 [notice] 1#1: signal 3 (SIGQUIT) received, shutting down
2022/04/01 05:10:40 [notice] 22#22: gracefully shutting down
2022/04/01 05:10:40 [notice] 25#25: gracefully shutting down
2022/04/01 05:10:40 [notice] 23#23: gracefully shutting down
2022/04/01 05:10:40 [notice] 24#24: gracefully shutting down
2022/04/01 05:10:40 [notice] 24#24: exiting
2022/04/01 05:10:40 [notice] 22#22: exiting
2022/04/01 05:10:40 [notice] 25#25: exiting
2022/04/01 05:10:40 [notice] 24#24: exit
2022/04/01 05:10:40 [notice] 22#22: exit
2022/04/01 05:10:40 [notice] 25#25: exit
2022/04/01 05:10:40 [notice] 1#1: signal 17 (SIGCHLD) received from 24
2022/04/01 05:10:40 [notice] 1#1: worker process 24 exited with code 0
2022/04/01 05:10:40 [notice] 1#1: signal 29 (SIGIO) received
2022/04/01 05:10:40 [notice] 1#1: signal 17 (SIGCHLD) received from 25
2022/04/01 05:10:40 [notice] 1#1: worker process 25 exited with code 0
2022/04/01 05:10:40 [notice] 1#1: signal 29 (SIGIO) received
2022/04/01 05:10:40 [notice] 1#1: signal 17 (SIGCHLD) received from 22
2022/04/01 05:10:40 [notice] 1#1: worker process 22 exited with code 0
2022/04/01 05:10:40 [notice] 1#1: signal 29 (SIGIO) received
2022/04/01 05:11:01 [notice] 1#1: using the "epoll" event method
2022/04/01 05:11:01 [notice] 1#1: nginx/1.21.4
2022/04/01 05:11:01 [notice] 1#1: built by gcc 10.3.1 20210424 (Alpine 10.3.1_git20210424) 
2022/04/01 05:11:01 [notice] 1#1: OS: Linux 5.10.47-linuxkit
2022/04/01 05:11:01 [notice] 1#1: getrlimit(RLIMIT_NOFILE): 1048576:1048576
2022/04/01 05:11:01 [notice] 1#1: start worker processes
2022/04/01 05:11:01 [notice] 1#1: start worker process 22
2022/04/01 05:11:01 [notice] 1#1: start worker process 23
2022/04/01 05:11:01 [notice] 1#1: start worker process 24
2022/04/01 05:11:01 [notice] 1#1: start worker process 25
2022/04/01 05:11:09 [error] 23#23: *2 connect() failed (113: Host is unreachable) while connecting to upstream, client: 192.168.48.1, server: , request: "GET /login HTTP/1.1", upstream: "fastcgi://192.168.48.3:9000", host: "localhost"
2022/04/01 05:12:12 [notice] 1#1: signal 3 (SIGQUIT) received, shutting down
2022/04/01 05:12:12 [notice] 22#22: gracefully shutting down
2022/04/01 05:12:12 [notice] 23#23: gracefully shutting down
2022/04/01 05:12:12 [notice] 25#25: gracefully shutting down
2022/04/01 05:12:12 [notice] 25#25: exiting
2022/04/01 05:12:12 [notice] 24#24: gracefully shutting down
2022/04/01 05:12:12 [notice] 22#22: exiting
2022/04/01 05:12:12 [notice] 23#23: exiting
2022/04/01 05:12:12 [notice] 25#25: exit
2022/04/01 05:12:12 [notice] 24#24: exiting
2022/04/01 05:12:12 [notice] 22#22: exit
2022/04/01 05:12:12 [notice] 23#23: exit
2022/04/01 05:12:12 [notice] 24#24: exit
2022/04/01 05:12:12 [notice] 1#1: signal 17 (SIGCHLD) received from 25
2022/04/01 05:12:12 [notice] 1#1: worker process 25 exited with code 0
2022/04/01 05:12:12 [notice] 1#1: signal 29 (SIGIO) received
2022/04/01 05:12:12 [notice] 1#1: signal 17 (SIGCHLD) received from 22
2022/04/01 05:12:12 [notice] 1#1: worker process 22 exited with code 0
2022/04/01 05:12:12 [notice] 1#1: worker process 24 exited with code 0
2022/04/01 05:12:12 [notice] 1#1: signal 29 (SIGIO) received
2022/04/01 05:12:12 [notice] 1#1: signal 17 (SIGCHLD) received from 24
2022/04/01 05:12:12 [notice] 1#1: signal 17 (SIGCHLD) received from 23
2022/04/01 05:12:12 [notice] 1#1: worker process 23 exited with code 0
2022/04/01 05:12:12 [notice] 1#1: exit
2022/04/01 05:12:20 [notice] 1#1: using the "epoll" event method
2022/04/01 05:12:20 [notice] 1#1: nginx/1.21.4
2022/04/01 05:12:20 [notice] 1#1: built by gcc 10.3.1 20210424 (Alpine 10.3.1_git20210424) 
2022/04/01 05:12:20 [notice] 1#1: OS: Linux 5.10.47-linuxkit
2022/04/01 05:12:20 [notice] 1#1: getrlimit(RLIMIT_NOFILE): 1048576:1048576
2022/04/01 05:12:20 [notice] 1#1: start worker processes
2022/04/01 05:12:20 [notice] 1#1: start worker process 23
2022/04/01 05:12:20 [notice] 1#1: start worker process 24
2022/04/01 05:12:20 [notice] 1#1: start worker process 25
2022/04/01 05:12:20 [notice] 1#1: start worker process 26
2022/04/01 05:13:30 [notice] 1#1: signal 3 (SIGQUIT) received, shutting down
2022/04/01 05:13:30 [notice] 23#23: gracefully shutting down
2022/04/01 05:13:30 [notice] 25#25: gracefully shutting down
2022/04/01 05:13:30 [notice] 26#26: gracefully shutting down
2022/04/01 05:13:30 [notice] 24#24: gracefully shutting down
2022/04/01 05:13:30 [notice] 23#23: exiting
2022/04/01 05:13:30 [notice] 23#23: exit
2022/04/01 05:13:30 [notice] 25#25: exiting
2022/04/01 05:13:30 [notice] 25#25: exit
2022/04/01 05:13:30 [notice] 26#26: exiting
2022/04/01 05:13:30 [notice] 24#24: exiting
2022/04/01 05:13:30 [notice] 26#26: exit
2022/04/01 05:13:30 [notice] 24#24: exit
2022/04/01 05:13:30 [notice] 1#1: signal 17 (SIGCHLD) received from 25
2022/04/01 05:13:30 [notice] 1#1: worker process 23 exited with code 0
2022/04/01 05:13:30 [notice] 1#1: worker process 25 exited with code 0
2022/04/01 05:13:30 [notice] 1#1: signal 29 (SIGIO) received
2022/04/01 05:13:30 [notice] 1#1: signal 17 (SIGCHLD) received from 23
2022/04/01 05:13:30 [notice] 1#1: signal 17 (SIGCHLD) received from 24
2022/04/01 05:13:30 [notice] 1#1: worker process 24 exited with code 0
2022/04/01 05:13:30 [notice] 1#1: signal 29 (SIGIO) received
2022/04/01 05:13:31 [notice] 1#1: signal 17 (SIGCHLD) received from 26
2022/04/01 05:13:31 [notice] 1#1: worker process 26 exited with code 0
2022/04/01 05:13:31 [notice] 1#1: exit
2022/04/01 05:13:39 [emerg] 1#1: host not found in upstream "laravel_news" in /etc/nginx/conf.d/nginx.conf:17
2022/04/01 05:14:14 [notice] 1#1: using the "epoll" event method
2022/04/01 05:14:14 [notice] 1#1: nginx/1.21.4
2022/04/01 05:14:14 [notice] 1#1: built by gcc 10.3.1 20210424 (Alpine 10.3.1_git20210424) 
2022/04/01 05:14:14 [notice] 1#1: OS: Linux 5.10.47-linuxkit
2022/04/01 05:14:14 [notice] 1#1: getrlimit(RLIMIT_NOFILE): 1048576:1048576
2022/04/01 05:14:14 [notice] 1#1: start worker processes
2022/04/01 05:14:14 [notice] 1#1: start worker process 22
2022/04/01 05:14:14 [notice] 1#1: start worker process 23
2022/04/01 05:14:14 [notice] 1#1: start worker process 24
2022/04/01 05:14:14 [notice] 1#1: start worker process 25
2022/04/01 05:15:38 [notice] 1#1: signal 3 (SIGQUIT) received, shutting down
2022/04/01 05:15:38 [notice] 23#23: gracefully shutting down
2022/04/01 05:15:38 [notice] 22#22: gracefully shutting down
2022/04/01 05:15:38 [notice] 24#24: gracefully shutting down
2022/04/01 05:15:38 [notice] 25#25: gracefully shutting down
2022/04/01 05:15:38 [notice] 25#25: exiting
2022/04/01 05:15:38 [notice] 23#23: exiting
2022/04/01 05:15:38 [notice] 24#24: exiting
2022/04/01 05:15:38 [notice] 24#24: exit
2022/04/01 05:15:38 [notice] 25#25: exit
2022/04/01 05:15:38 [notice] 23#23: exit
2022/04/01 05:15:38 [notice] 1#1: signal 17 (SIGCHLD) received from 24
2022/04/01 05:15:38 [notice] 1#1: worker process 24 exited with code 0
2022/04/01 05:15:38 [notice] 1#1: signal 29 (SIGIO) received
2022/04/01 05:15:38 [notice] 1#1: signal 17 (SIGCHLD) received from 25
2022/04/01 05:15:38 [notice] 1#1: worker process 23 exited with code 0
2022/04/01 05:15:38 [notice] 1#1: worker process 25 exited with code 0
2022/04/01 05:15:38 [notice] 1#1: signal 29 (SIGIO) received
2022/04/01 05:16:01 [notice] 1#1: using the "epoll" event method
2022/04/01 05:16:01 [notice] 1#1: nginx/1.21.4
2022/04/01 05:16:01 [notice] 1#1: built by gcc 10.3.1 20210424 (Alpine 10.3.1_git20210424) 
2022/04/01 05:16:01 [notice] 1#1: OS: Linux 5.10.47-linuxkit
2022/04/01 05:16:01 [notice] 1#1: getrlimit(RLIMIT_NOFILE): 1048576:1048576
2022/04/01 05:16:01 [notice] 1#1: start worker processes
2022/04/01 05:16:01 [notice] 1#1: start worker process 24
2022/04/01 05:16:01 [notice] 1#1: start worker process 25
2022/04/01 05:16:01 [notice] 1#1: start worker process 26
2022/04/01 05:16:01 [notice] 1#1: start worker process 27
2022/04/01 05:16:29 [error] 24#24: *1 connect() failed (113: Host is unreachable) while connecting to upstream, client: 192.168.80.1, server: , request: "GET /login HTTP/1.1", upstream: "fastcgi://192.168.80.4:9000", host: "localhost"
2022/04/01 05:17:19 [notice] 1#1: signal 3 (SIGQUIT) received, shutting down
2022/04/01 05:17:19 [notice] 25#25: gracefully shutting down
2022/04/01 05:17:19 [notice] 25#25: exiting
2022/04/01 05:17:19 [notice] 24#24: gracefully shutting down
2022/04/01 05:17:19 [notice] 26#26: gracefully shutting down
2022/04/01 05:17:19 [notice] 27#27: gracefully shutting down
2022/04/01 05:17:19 [notice] 27#27: exiting
2022/04/01 05:17:19 [notice] 25#25: exit
2022/04/01 05:17:19 [notice] 26#26: exiting
2022/04/01 05:17:19 [notice] 26#26: exit
2022/04/01 05:17:19 [notice] 27#27: exit
2022/04/01 05:17:19 [notice] 1#1: signal 17 (SIGCHLD) received from 26
2022/04/01 05:17:19 [notice] 1#1: worker process 26 exited with code 0
2022/04/01 05:17:19 [notice] 1#1: signal 29 (SIGIO) received
2022/04/01 05:17:19 [notice] 1#1: signal 17 (SIGCHLD) received from 25
2022/04/01 05:17:19 [notice] 1#1: worker process 25 exited with code 0
2022/04/01 05:17:19 [notice] 1#1: signal 29 (SIGIO) received
2022/04/01 05:17:19 [notice] 1#1: signal 17 (SIGCHLD) received from 27
2022/04/01 05:17:19 [notice] 1#1: worker process 27 exited with code 0
2022/04/01 05:17:19 [notice] 1#1: signal 29 (SIGIO) received
2022/04/01 05:17:25 [notice] 24#24: exiting
2022/04/01 05:17:25 [notice] 24#24: exit
2022/04/01 05:17:25 [notice] 1#1: signal 17 (SIGCHLD) received from 24
2022/04/01 05:17:25 [notice] 1#1: worker process 24 exited with code 0
2022/04/01 05:17:25 [notice] 1#1: exit
2022/04/01 05:17:40 [notice] 1#1: using the "epoll" event method
2022/04/01 05:17:40 [notice] 1#1: nginx/1.21.4
2022/04/01 05:17:40 [notice] 1#1: built by gcc 10.3.1 20210424 (Alpine 10.3.1_git20210424) 
2022/04/01 05:17:40 [notice] 1#1: OS: Linux 5.10.47-linuxkit
2022/04/01 05:17:40 [notice] 1#1: getrlimit(RLIMIT_NOFILE): 1048576:1048576
2022/04/01 05:17:40 [notice] 1#1: start worker processes
2022/04/01 05:17:40 [notice] 1#1: start worker process 22
2022/04/01 05:17:40 [notice] 1#1: start worker process 23
2022/04/01 05:17:40 [notice] 1#1: start worker process 24
2022/04/01 05:17:40 [notice] 1#1: start worker process 25
2022/04/01 05:18:26 [notice] 1#1: signal 3 (SIGQUIT) received, shutting down
2022/04/01 05:18:26 [notice] 24#24: gracefully shutting down
2022/04/01 05:18:26 [notice] 24#24: exiting
2022/04/01 05:18:26 [notice] 22#22: gracefully shutting down
2022/04/01 05:18:26 [notice] 22#22: exiting
2022/04/01 05:18:26 [notice] 23#23: gracefully shutting down
2022/04/01 05:18:26 [notice] 23#23: exiting
2022/04/01 05:18:26 [notice] 25#25: gracefully shutting down
2022/04/01 05:18:26 [notice] 25#25: exiting
2022/04/01 05:18:26 [notice] 24#24: exit
2022/04/01 05:18:26 [notice] 22#22: exit
2022/04/01 05:18:26 [notice] 23#23: exit
2022/04/01 05:18:26 [notice] 25#25: exit
2022/04/01 05:18:26 [notice] 1#1: signal 17 (SIGCHLD) received from 24
2022/04/01 05:18:26 [notice] 1#1: worker process 24 exited with code 0
2022/04/01 05:18:26 [notice] 1#1: signal 29 (SIGIO) received
2022/04/01 05:18:26 [notice] 1#1: signal 17 (SIGCHLD) received from 25
2022/04/01 05:18:26 [notice] 1#1: worker process 22 exited with code 0
2022/04/01 05:18:26 [notice] 1#1: worker process 25 exited with code 0
2022/04/01 05:18:26 [notice] 1#1: signal 29 (SIGIO) received
2022/04/01 05:18:26 [notice] 1#1: signal 17 (SIGCHLD) received from 22
2022/04/01 05:18:26 [notice] 1#1: signal 17 (SIGCHLD) received from 23
2022/04/01 05:18:26 [notice] 1#1: worker process 23 exited with code 0
2022/04/01 05:18:26 [notice] 1#1: exit
2022/04/01 05:20:38 [notice] 1#1: using the "epoll" event method
2022/04/01 05:20:38 [notice] 1#1: nginx/1.21.4
2022/04/01 05:20:38 [notice] 1#1: built by gcc 10.3.1 20210424 (Alpine 10.3.1_git20210424) 
2022/04/01 05:20:38 [notice] 1#1: OS: Linux 5.10.47-linuxkit
2022/04/01 05:20:38 [notice] 1#1: getrlimit(RLIMIT_NOFILE): 1048576:1048576
2022/04/01 05:20:38 [notice] 1#1: start worker processes
2022/04/01 05:20:38 [notice] 1#1: start worker process 25
2022/04/01 05:20:38 [notice] 1#1: start worker process 26
2022/04/01 05:20:38 [notice] 1#1: start worker process 27
2022/04/01 05:20:38 [notice] 1#1: start worker process 28
2022/04/01 05:21:59 [notice] 1#1: signal 3 (SIGQUIT) received, shutting down
2022/04/01 05:21:59 [notice] 25#25: gracefully shutting down
2022/04/01 05:21:59 [notice] 26#26: gracefully shutting down
2022/04/01 05:21:59 [notice] 27#27: gracefully shutting down
2022/04/01 05:21:59 [notice] 27#27: exiting
2022/04/01 05:21:59 [notice] 28#28: gracefully shutting down
2022/04/01 05:21:59 [notice] 26#26: exiting
2022/04/01 05:21:59 [notice] 27#27: exit
2022/04/01 05:21:59 [notice] 28#28: exiting
2022/04/01 05:21:59 [notice] 26#26: exit
2022/04/01 05:21:59 [notice] 28#28: exit
2022/04/01 05:21:59 [notice] 1#1: signal 17 (SIGCHLD) received from 27
2022/04/01 05:21:59 [notice] 1#1: worker process 27 exited with code 0
2022/04/01 05:21:59 [notice] 1#1: signal 29 (SIGIO) received
2022/04/01 05:21:59 [notice] 1#1: signal 17 (SIGCHLD) received from 28
2022/04/01 05:21:59 [notice] 1#1: worker process 28 exited with code 0
2022/04/01 05:21:59 [notice] 1#1: worker process 26 exited with code 0
2022/04/01 05:21:59 [notice] 1#1: signal 29 (SIGIO) received
2022/04/01 05:21:59 [notice] 1#1: signal 17 (SIGCHLD) received from 26
2022/04/01 05:22:19 [notice] 1#1: using the "epoll" event method
2022/04/01 05:22:19 [notice] 1#1: nginx/1.21.4
2022/04/01 05:22:19 [notice] 1#1: built by gcc 10.3.1 20210424 (Alpine 10.3.1_git20210424) 
2022/04/01 05:22:19 [notice] 1#1: OS: Linux 5.10.47-linuxkit
2022/04/01 05:22:19 [notice] 1#1: getrlimit(RLIMIT_NOFILE): 1048576:1048576
2022/04/01 05:22:19 [notice] 1#1: start worker processes
2022/04/01 05:22:19 [notice] 1#1: start worker process 22
2022/04/01 05:22:19 [notice] 1#1: start worker process 23
2022/04/01 05:22:19 [notice] 1#1: start worker process 24
2022/04/01 05:22:19 [notice] 1#1: start worker process 25
2022/04/01 05:23:31 [notice] 1#1: signal 3 (SIGQUIT) received, shutting down
2022/04/01 05:23:31 [notice] 22#22: gracefully shutting down
2022/04/01 05:23:31 [notice] 23#23: gracefully shutting down
2022/04/01 05:23:31 [notice] 24#24: gracefully shutting down
2022/04/01 05:23:31 [notice] 25#25: gracefully shutting down
2022/04/01 05:23:31 [notice] 22#22: exiting
2022/04/01 05:23:31 [notice] 23#23: exiting
2022/04/01 05:23:31 [notice] 24#24: exiting
2022/04/01 05:23:31 [notice] 24#24: exit
2022/04/01 05:23:31 [notice] 25#25: exiting
2022/04/01 05:23:31 [notice] 25#25: exit
2022/04/01 05:23:31 [notice] 22#22: exit
2022/04/01 05:23:31 [notice] 23#23: exit
2022/04/01 05:23:31 [notice] 1#1: signal 17 (SIGCHLD) received from 24
2022/04/01 05:23:31 [notice] 1#1: worker process 24 exited with code 0
2022/04/01 05:23:31 [notice] 1#1: signal 29 (SIGIO) received
2022/04/01 05:23:31 [notice] 1#1: signal 17 (SIGCHLD) received from 25
2022/04/01 05:23:31 [notice] 1#1: worker process 25 exited with code 0
2022/04/01 05:23:31 [notice] 1#1: signal 29 (SIGIO) received
2022/04/01 05:23:31 [notice] 1#1: signal 17 (SIGCHLD) received from 23
2022/04/01 05:23:31 [notice] 1#1: worker process 23 exited with code 0
2022/04/01 05:23:31 [notice] 1#1: signal 29 (SIGIO) received
2022/04/01 05:23:31 [notice] 1#1: signal 17 (SIGCHLD) received from 22
2022/04/01 05:23:31 [notice] 1#1: worker process 22 exited with code 0
2022/04/01 05:23:31 [notice] 1#1: exit
2022/04/01 05:23:56 [notice] 1#1: using the "epoll" event method
2022/04/01 05:23:56 [notice] 1#1: nginx/1.21.4
2022/04/01 05:23:56 [notice] 1#1: built by gcc 10.3.1 20210424 (Alpine 10.3.1_git20210424) 
2022/04/01 05:23:56 [notice] 1#1: OS: Linux 5.10.47-linuxkit
2022/04/01 05:23:56 [notice] 1#1: getrlimit(RLIMIT_NOFILE): 1048576:1048576
2022/04/01 05:23:56 [notice] 1#1: start worker processes
2022/04/01 05:23:56 [notice] 1#1: start worker process 23
2022/04/01 05:23:56 [notice] 1#1: start worker process 24
2022/04/01 05:23:56 [notice] 1#1: start worker process 25
2022/04/01 05:23:56 [notice] 1#1: start worker process 26
2022/04/01 05:24:48 [notice] 1#1: signal 3 (SIGQUIT) received, shutting down
2022/04/01 05:24:48 [notice] 23#23: gracefully shutting down
2022/04/01 05:24:48 [notice] 26#26: gracefully shutting down
2022/04/01 05:24:48 [notice] 25#25: gracefully shutting down
2022/04/01 05:24:48 [notice] 25#25: exiting
2022/04/01 05:24:48 [notice] 24#24: gracefully shutting down
2022/04/01 05:24:48 [notice] 26#26: exiting
2022/04/01 05:24:48 [notice] 25#25: exit
2022/04/01 05:24:48 [notice] 24#24: exiting
2022/04/01 05:24:48 [notice] 26#26: exit
2022/04/01 05:24:48 [notice] 24#24: exit
2022/04/01 05:24:48 [notice] 1#1: signal 17 (SIGCHLD) received from 25
2022/04/01 05:24:48 [notice] 1#1: worker process 25 exited with code 0
2022/04/01 05:24:48 [notice] 1#1: signal 29 (SIGIO) received
2022/04/01 05:24:48 [notice] 1#1: signal 17 (SIGCHLD) received from 26
2022/04/01 05:24:48 [notice] 1#1: worker process 24 exited with code 0
2022/04/01 05:24:48 [notice] 1#1: worker process 26 exited with code 0
2022/04/01 05:24:48 [notice] 1#1: signal 29 (SIGIO) received
2022/04/01 05:25:28 [notice] 1#1: using the "epoll" event method
2022/04/01 05:25:28 [notice] 1#1: nginx/1.21.4
2022/04/01 05:25:28 [notice] 1#1: built by gcc 10.3.1 20210424 (Alpine 10.3.1_git20210424) 
2022/04/01 05:25:28 [notice] 1#1: OS: Linux 5.10.47-linuxkit
2022/04/01 05:25:28 [notice] 1#1: getrlimit(RLIMIT_NOFILE): 1048576:1048576
2022/04/01 05:25:28 [notice] 1#1: start worker processes
2022/04/01 05:25:28 [notice] 1#1: start worker process 25
2022/04/01 05:25:28 [notice] 1#1: start worker process 26
2022/04/01 05:25:28 [notice] 1#1: start worker process 27
2022/04/01 05:25:28 [notice] 1#1: start worker process 28
2022/04/01 05:30:12 [notice] 1#1: signal 3 (SIGQUIT) received, shutting down
2022/04/01 05:30:12 [notice] 28#28: gracefully shutting down
2022/04/01 05:30:12 [notice] 28#28: exiting
2022/04/01 05:30:12 [notice] 25#25: gracefully shutting down
2022/04/01 05:30:12 [notice] 26#26: gracefully shutting down
2022/04/01 05:30:12 [notice] 27#27: gracefully shutting down
2022/04/01 05:30:12 [notice] 28#28: exit
2022/04/01 05:30:12 [notice] 25#25: exiting
2022/04/01 05:30:12 [notice] 26#26: exiting
2022/04/01 05:30:12 [notice] 27#27: exiting
2022/04/01 05:30:12 [notice] 25#25: exit
2022/04/01 05:30:12 [notice] 26#26: exit
2022/04/01 05:30:12 [notice] 27#27: exit
2022/04/01 05:30:12 [notice] 1#1: signal 17 (SIGCHLD) received from 28
2022/04/01 05:30:12 [notice] 1#1: worker process 28 exited with code 0
2022/04/01 05:30:12 [notice] 1#1: signal 29 (SIGIO) received
2022/04/01 05:30:12 [notice] 1#1: signal 17 (SIGCHLD) received from 26
2022/04/01 05:30:12 [notice] 1#1: worker process 25 exited with code 0
2022/04/01 05:30:12 [notice] 1#1: worker process 26 exited with code 0
2022/04/01 05:30:12 [notice] 1#1: signal 29 (SIGIO) received
2022/04/01 05:30:12 [notice] 1#1: signal 17 (SIGCHLD) received from 27
2022/04/01 05:30:12 [notice] 1#1: worker process 27 exited with code 0
2022/04/01 05:30:12 [notice] 1#1: exit
2022/04/01 05:30:22 [notice] 1#1: using the "epoll" event method
2022/04/01 05:30:22 [notice] 1#1: nginx/1.21.4
2022/04/01 05:30:22 [notice] 1#1: built by gcc 10.3.1 20210424 (Alpine 10.3.1_git20210424) 
2022/04/01 05:30:22 [notice] 1#1: OS: Linux 5.10.47-linuxkit
2022/04/01 05:30:22 [notice] 1#1: getrlimit(RLIMIT_NOFILE): 1048576:1048576
2022/04/01 05:30:22 [notice] 1#1: start worker processes
2022/04/01 05:30:22 [notice] 1#1: start worker process 23
2022/04/01 05:30:22 [notice] 1#1: start worker process 24
2022/04/01 05:30:22 [notice] 1#1: start worker process 25
2022/04/01 05:30:22 [notice] 1#1: start worker process 26
2022/04/01 05:33:53 [notice] 1#1: signal 3 (SIGQUIT) received, shutting down
2022/04/01 05:33:53 [notice] 23#23: gracefully shutting down
2022/04/01 05:33:53 [notice] 25#25: gracefully shutting down
2022/04/01 05:33:53 [notice] 26#26: gracefully shutting down
2022/04/01 05:33:53 [notice] 24#24: gracefully shutting down
2022/04/01 05:33:53 [notice] 23#23: exiting
2022/04/01 05:33:53 [notice] 25#25: exiting
2022/04/01 05:33:53 [notice] 26#26: exiting
2022/04/01 05:33:53 [notice] 24#24: exiting
2022/04/01 05:33:53 [notice] 23#23: exit
2022/04/01 05:33:53 [notice] 25#25: exit
2022/04/01 05:33:53 [notice] 26#26: exit
2022/04/01 05:33:53 [notice] 24#24: exit
2022/04/01 05:33:53 [notice] 1#1: signal 17 (SIGCHLD) received from 26
2022/04/01 05:33:53 [notice] 1#1: worker process 26 exited with code 0
2022/04/01 05:33:53 [notice] 1#1: signal 29 (SIGIO) received
2022/04/01 05:33:53 [notice] 1#1: signal 17 (SIGCHLD) received from 23
2022/04/01 05:33:53 [notice] 1#1: worker process 23 exited with code 0
2022/04/01 05:33:53 [notice] 1#1: signal 29 (SIGIO) received
2022/04/01 05:33:53 [notice] 1#1: signal 17 (SIGCHLD) received from 24
2022/04/01 05:33:53 [notice] 1#1: worker process 24 exited with code 0
2022/04/01 05:33:53 [notice] 1#1: worker process 25 exited with code 0
2022/04/01 05:33:53 [notice] 1#1: exit
2022/04/01 05:34:09 [notice] 1#1: using the "epoll" event method
2022/04/01 05:34:09 [notice] 1#1: nginx/1.21.4
2022/04/01 05:34:09 [notice] 1#1: built by gcc 10.3.1 20210424 (Alpine 10.3.1_git20210424) 
2022/04/01 05:34:09 [notice] 1#1: OS: Linux 5.10.47-linuxkit
2022/04/01 05:34:09 [notice] 1#1: getrlimit(RLIMIT_NOFILE): 1048576:1048576
2022/04/01 05:34:09 [notice] 1#1: start worker processes
2022/04/01 05:34:09 [notice] 1#1: start worker process 23
2022/04/01 05:34:09 [notice] 1#1: start worker process 24
2022/04/01 05:34:09 [notice] 1#1: start worker process 25
2022/04/01 05:34:09 [notice] 1#1: start worker process 26
2022/04/01 05:34:19 [notice] 1#1: signal 3 (SIGQUIT) received, shutting down
2022/04/01 05:34:19 [notice] 23#23: gracefully shutting down
2022/04/01 05:34:19 [notice] 23#23: exiting
2022/04/01 05:34:19 [notice] 24#24: gracefully shutting down
2022/04/01 05:34:19 [notice] 24#24: exiting
2022/04/01 05:34:19 [notice] 26#26: gracefully shutting down
2022/04/01 05:34:19 [notice] 25#25: gracefully shutting down
2022/04/01 05:34:19 [notice] 23#23: exit
2022/04/01 05:34:19 [notice] 24#24: exit
2022/04/01 05:34:19 [notice] 26#26: exiting
2022/04/01 05:34:19 [notice] 26#26: exit
2022/04/01 05:34:19 [notice] 25#25: exiting
2022/04/01 05:34:19 [notice] 25#25: exit
2022/04/01 05:34:19 [notice] 1#1: signal 17 (SIGCHLD) received from 23
2022/04/01 05:34:19 [notice] 1#1: worker process 23 exited with code 0
2022/04/01 05:34:19 [notice] 1#1: signal 29 (SIGIO) received
2022/04/01 05:34:19 [notice] 1#1: signal 17 (SIGCHLD) received from 26
2022/04/01 05:34:19 [notice] 1#1: worker process 26 exited with code 0
2022/04/01 05:34:19 [notice] 1#1: signal 29 (SIGIO) received
2022/04/01 05:34:19 [notice] 1#1: signal 17 (SIGCHLD) received from 24
2022/04/01 05:34:19 [notice] 1#1: worker process 24 exited with code 0
2022/04/01 05:34:19 [notice] 1#1: worker process 25 exited with code 0
2022/04/01 05:34:19 [notice] 1#1: exit
2022/04/01 05:35:19 [notice] 1#1: using the "epoll" event method
2022/04/01 05:35:19 [notice] 1#1: nginx/1.21.4
2022/04/01 05:35:19 [notice] 1#1: built by gcc 10.3.1 20210424 (Alpine 10.3.1_git20210424) 
2022/04/01 05:35:19 [notice] 1#1: OS: Linux 5.10.47-linuxkit
2022/04/01 05:35:19 [notice] 1#1: getrlimit(RLIMIT_NOFILE): 1048576:1048576
2022/04/01 05:35:19 [notice] 1#1: start worker processes
2022/04/01 05:35:19 [notice] 1#1: start worker process 23
2022/04/01 05:35:19 [notice] 1#1: start worker process 24
2022/04/01 05:35:19 [notice] 1#1: start worker process 25
2022/04/01 05:35:19 [notice] 1#1: start worker process 26
2022/04/01 05:36:12 [error] 24#24: *2 connect() failed (113: Host is unreachable) while connecting to upstream, client: 192.168.112.1, server: , request: "GET /login HTTP/1.1", upstream: "fastcgi://192.168.112.3:9000", host: "localhost"
2022/04/01 05:36:20 [notice] 1#1: signal 3 (SIGQUIT) received, shutting down
2022/04/01 05:36:20 [notice] 24#24: gracefully shutting down
2022/04/01 05:36:20 [notice] 23#23: gracefully shutting down
2022/04/01 05:36:20 [notice] 25#25: gracefully shutting down
2022/04/01 05:36:20 [notice] 25#25: exiting
2022/04/01 05:36:20 [notice] 26#26: gracefully shutting down
2022/04/01 05:36:20 [notice] 24#24: exiting
2022/04/01 05:36:20 [notice] 25#25: exit
2022/04/01 05:36:20 [notice] 26#26: exiting
2022/04/01 05:36:20 [notice] 24#24: exit
2022/04/01 05:36:20 [notice] 26#26: exit
2022/04/01 05:36:20 [notice] 1#1: signal 17 (SIGCHLD) received from 25
2022/04/01 05:36:20 [notice] 1#1: worker process 25 exited with code 0
2022/04/01 05:36:20 [notice] 1#1: signal 29 (SIGIO) received
2022/04/01 05:36:20 [notice] 1#1: signal 17 (SIGCHLD) received from 26
2022/04/01 05:36:20 [notice] 1#1: worker process 24 exited with code 0
2022/04/01 05:36:20 [notice] 1#1: worker process 26 exited with code 0
2022/04/01 05:36:20 [notice] 1#1: signal 29 (SIGIO) received
2022/04/01 05:36:44 [notice] 1#1: using the "epoll" event method
2022/04/01 05:36:44 [notice] 1#1: nginx/1.21.4
2022/04/01 05:36:44 [notice] 1#1: built by gcc 10.3.1 20210424 (Alpine 10.3.1_git20210424) 
2022/04/01 05:36:44 [notice] 1#1: OS: Linux 5.10.47-linuxkit
2022/04/01 05:36:44 [notice] 1#1: getrlimit(RLIMIT_NOFILE): 1048576:1048576
2022/04/01 05:36:44 [notice] 1#1: start worker processes
2022/04/01 05:36:44 [notice] 1#1: start worker process 22
2022/04/01 05:36:44 [notice] 1#1: start worker process 23
2022/04/01 05:36:44 [notice] 1#1: start worker process 24
2022/04/01 05:36:44 [notice] 1#1: start worker process 25
2022/04/01 05:37:54 [notice] 1#1: signal 3 (SIGQUIT) received, shutting down
2022/04/01 05:37:54 [notice] 22#22: gracefully shutting down
2022/04/01 05:37:54 [notice] 22#22: exiting
2022/04/01 05:37:54 [notice] 24#24: gracefully shutting down
2022/04/01 05:37:54 [notice] 25#25: gracefully shutting down
2022/04/01 05:37:54 [notice] 23#23: gracefully shutting down
2022/04/01 05:37:54 [notice] 22#22: exit
2022/04/01 05:37:54 [notice] 24#24: exiting
2022/04/01 05:37:54 [notice] 25#25: exiting
2022/04/01 05:37:54 [notice] 23#23: exiting
2022/04/01 05:37:54 [notice] 24#24: exit
2022/04/01 05:37:54 [notice] 25#25: exit
2022/04/01 05:37:54 [notice] 23#23: exit
2022/04/01 05:37:54 [notice] 1#1: signal 17 (SIGCHLD) received from 22
2022/04/01 05:37:54 [notice] 1#1: worker process 22 exited with code 0
2022/04/01 05:37:54 [notice] 1#1: signal 17 (SIGCHLD) received from 24
2022/04/01 05:37:54 [notice] 1#1: worker process 24 exited with code 0
2022/04/01 05:37:54 [notice] 1#1: signal 29 (SIGIO) received
2022/04/01 05:37:54 [notice] 1#1: signal 29 (SIGIO) received
2022/04/01 05:37:54 [notice] 1#1: signal 17 (SIGCHLD) received from 23
2022/04/01 05:37:54 [notice] 1#1: worker process 23 exited with code 0
2022/04/01 05:37:54 [notice] 1#1: worker process 25 exited with code 0
2022/04/01 05:37:54 [notice] 1#1: exit
2022/04/01 05:40:33 [notice] 1#1: using the "epoll" event method
2022/04/01 05:40:33 [notice] 1#1: nginx/1.21.4
2022/04/01 05:40:33 [notice] 1#1: built by gcc 10.3.1 20210424 (Alpine 10.3.1_git20210424) 
2022/04/01 05:40:33 [notice] 1#1: OS: Linux 5.10.47-linuxkit
2022/04/01 05:40:33 [notice] 1#1: getrlimit(RLIMIT_NOFILE): 1048576:1048576
2022/04/01 05:40:33 [notice] 1#1: start worker processes
2022/04/01 05:40:33 [notice] 1#1: start worker process 22
2022/04/01 05:40:33 [notice] 1#1: start worker process 23
2022/04/01 05:40:33 [notice] 1#1: start worker process 24
2022/04/01 05:40:33 [notice] 1#1: start worker process 25
2022/04/01 05:42:22 [error] 23#23: *1 connect() failed (111: Connection refused) while connecting to upstream, client: 192.168.128.1, server: , request: "GET /login HTTP/1.1", upstream: "fastcgi://192.168.128.3:9000", host: "localhost"
2022/04/01 05:42:25 [error] 23#23: *1 connect() failed (111: Connection refused) while connecting to upstream, client: 192.168.128.1, server: , request: "GET /login HTTP/1.1", upstream: "fastcgi://192.168.128.3:9000", host: "localhost"
2022/04/01 05:42:27 [error] 23#23: *1 connect() failed (111: Connection refused) while connecting to upstream, client: 192.168.128.1, server: , request: "GET /login HTTP/1.1", upstream: "fastcgi://192.168.128.3:9000", host: "localhost"
2022/04/01 05:43:23 [notice] 1#1: signal 3 (SIGQUIT) received, shutting down
2022/04/01 05:43:23 [notice] 23#23: gracefully shutting down
2022/04/01 05:43:23 [notice] 22#22: gracefully shutting down
2022/04/01 05:43:23 [notice] 22#22: exiting
2022/04/01 05:43:23 [notice] 24#24: gracefully shutting down
2022/04/01 05:43:23 [notice] 24#24: exiting
2022/04/01 05:43:23 [notice] 25#25: gracefully shutting down
2022/04/01 05:43:23 [notice] 23#23: exiting
2022/04/01 05:43:23 [notice] 22#22: exit
2022/04/01 05:43:23 [notice] 24#24: exit
2022/04/01 05:43:23 [notice] 25#25: exiting
2022/04/01 05:43:23 [notice] 25#25: exit
2022/04/01 05:43:23 [notice] 23#23: exit
2022/04/01 05:43:23 [notice] 1#1: signal 17 (SIGCHLD) received from 25
2022/04/01 05:43:23 [notice] 1#1: worker process 25 exited with code 0
2022/04/01 05:43:23 [notice] 1#1: signal 29 (SIGIO) received
2022/04/01 05:43:23 [notice] 1#1: signal 17 (SIGCHLD) received from 24
2022/04/01 05:43:23 [notice] 1#1: worker process 24 exited with code 0
2022/04/01 05:43:23 [notice] 1#1: signal 29 (SIGIO) received
2022/04/01 05:43:23 [notice] 1#1: signal 17 (SIGCHLD) received from 22
2022/04/01 05:43:23 [notice] 1#1: worker process 22 exited with code 0
2022/04/01 05:43:23 [notice] 1#1: signal 17 (SIGCHLD) received from 23
2022/04/01 05:43:23 [notice] 1#1: worker process 23 exited with code 0
2022/04/01 05:43:23 [notice] 1#1: exit
2022/04/01 05:43:46 [notice] 1#1: using the "epoll" event method
2022/04/01 05:43:46 [notice] 1#1: nginx/1.21.4
2022/04/01 05:43:46 [notice] 1#1: built by gcc 10.3.1 20210424 (Alpine 10.3.1_git20210424) 
2022/04/01 05:43:46 [notice] 1#1: OS: Linux 5.10.47-linuxkit
2022/04/01 05:43:46 [notice] 1#1: getrlimit(RLIMIT_NOFILE): 1048576:1048576
2022/04/01 05:43:46 [notice] 1#1: start worker processes
2022/04/01 05:43:46 [notice] 1#1: start worker process 24
2022/04/01 05:43:46 [notice] 1#1: start worker process 25
2022/04/01 05:43:46 [notice] 1#1: start worker process 26
2022/04/01 05:43:46 [notice] 1#1: start worker process 27
2022/04/01 05:47:14 [notice] 1#1: signal 3 (SIGQUIT) received, shutting down
2022/04/01 05:47:14 [notice] 27#27: gracefully shutting down
2022/04/01 05:47:14 [notice] 26#26: gracefully shutting down
2022/04/01 05:47:14 [notice] 26#26: exiting
2022/04/01 05:47:14 [notice] 24#24: gracefully shutting down
2022/04/01 05:47:14 [notice] 25#25: gracefully shutting down
2022/04/01 05:47:14 [notice] 27#27: exiting
2022/04/01 05:47:14 [notice] 26#26: exit
2022/04/01 05:47:14 [notice] 24#24: exiting
2022/04/01 05:47:14 [notice] 25#25: exiting
2022/04/01 05:47:14 [notice] 27#27: exit
2022/04/01 05:47:14 [notice] 24#24: exit
2022/04/01 05:47:14 [notice] 25#25: exit
2022/04/01 05:47:14 [notice] 1#1: signal 17 (SIGCHLD) received from 26
2022/04/01 05:47:14 [notice] 1#1: worker process 26 exited with code 0
2022/04/01 05:47:14 [notice] 1#1: signal 29 (SIGIO) received
2022/04/01 05:47:14 [notice] 1#1: signal 17 (SIGCHLD) received from 27
2022/04/01 05:47:14 [notice] 1#1: worker process 27 exited with code 0
2022/04/01 05:47:14 [notice] 1#1: signal 29 (SIGIO) received
2022/04/01 05:47:14 [notice] 1#1: signal 17 (SIGCHLD) received from 24
2022/04/01 05:47:14 [notice] 1#1: worker process 24 exited with code 0
2022/04/01 05:47:14 [notice] 1#1: worker process 25 exited with code 0
2022/04/01 05:47:14 [notice] 1#1: exit
2022/04/01 05:47:40 [notice] 1#1: using the "epoll" event method
2022/04/01 05:47:40 [notice] 1#1: nginx/1.21.4
2022/04/01 05:47:40 [notice] 1#1: built by gcc 10.3.1 20210424 (Alpine 10.3.1_git20210424) 
2022/04/01 05:47:40 [notice] 1#1: OS: Linux 5.10.47-linuxkit
2022/04/01 05:47:40 [notice] 1#1: getrlimit(RLIMIT_NOFILE): 1048576:1048576
2022/04/01 05:47:40 [notice] 1#1: start worker processes
2022/04/01 05:47:40 [notice] 1#1: start worker process 21
2022/04/01 05:47:40 [notice] 1#1: start worker process 22
2022/04/01 05:47:40 [notice] 1#1: start worker process 23
2022/04/01 05:47:40 [notice] 1#1: start worker process 24
2022/04/01 05:58:00 [notice] 1#1: signal 3 (SIGQUIT) received, shutting down
2022/04/01 05:58:00 [notice] 21#21: gracefully shutting down
2022/04/01 05:58:00 [notice] 22#22: gracefully shutting down
2022/04/01 05:58:00 [notice] 22#22: exiting
2022/04/01 05:58:00 [notice] 23#23: gracefully shutting down
2022/04/01 05:58:00 [notice] 24#24: gracefully shutting down
2022/04/01 05:58:00 [notice] 24#24: exiting
2022/04/01 05:58:00 [notice] 21#21: exiting
2022/04/01 05:58:00 [notice] 22#22: exit
2022/04/01 05:58:00 [notice] 23#23: exiting
2022/04/01 05:58:00 [notice] 23#23: exit
2022/04/01 05:58:00 [notice] 24#24: exit
2022/04/01 05:58:00 [notice] 21#21: exit
2022/04/01 05:58:00 [notice] 1#1: signal 17 (SIGCHLD) received from 22
2022/04/01 05:58:00 [notice] 1#1: worker process 22 exited with code 0
2022/04/01 05:58:00 [notice] 1#1: signal 29 (SIGIO) received
2022/04/01 05:58:00 [notice] 1#1: signal 17 (SIGCHLD) received from 23
2022/04/01 05:58:00 [notice] 1#1: worker process 23 exited with code 0
2022/04/01 05:58:00 [notice] 1#1: signal 29 (SIGIO) received
2022/04/01 05:58:00 [notice] 1#1: signal 17 (SIGCHLD) received from 24
2022/04/01 05:58:00 [notice] 1#1: worker process 21 exited with code 0
2022/04/01 05:58:00 [notice] 1#1: worker process 24 exited with code 0
2022/04/01 05:58:00 [notice] 1#1: exit
2022/04/01 05:58:31 [notice] 1#1: using the "epoll" event method
2022/04/01 05:58:31 [notice] 1#1: nginx/1.21.4
2022/04/01 05:58:31 [notice] 1#1: built by gcc 10.3.1 20210424 (Alpine 10.3.1_git20210424) 
2022/04/01 05:58:31 [notice] 1#1: OS: Linux 5.10.47-linuxkit
2022/04/01 05:58:31 [notice] 1#1: getrlimit(RLIMIT_NOFILE): 1048576:1048576
2022/04/01 05:58:31 [notice] 1#1: start worker processes
2022/04/01 05:58:31 [notice] 1#1: start worker process 23
2022/04/01 05:58:31 [notice] 1#1: start worker process 24
2022/04/01 05:58:31 [notice] 1#1: start worker process 25
2022/04/01 05:58:31 [notice] 1#1: start worker process 26
2022/04/01 05:59:27 [notice] 1#1: signal 3 (SIGQUIT) received, shutting down
2022/04/01 05:59:27 [notice] 25#25: gracefully shutting down
2022/04/01 05:59:27 [notice] 25#25: exiting
2022/04/01 05:59:27 [notice] 23#23: gracefully shutting down
2022/04/01 05:59:27 [notice] 26#26: gracefully shutting down
2022/04/01 05:59:27 [notice] 24#24: gracefully shutting down
2022/04/01 05:59:27 [notice] 24#24: exiting
2022/04/01 05:59:27 [notice] 25#25: exit
2022/04/01 05:59:27 [notice] 23#23: exiting
2022/04/01 05:59:27 [notice] 26#26: exiting
2022/04/01 05:59:27 [notice] 24#24: exit
2022/04/01 05:59:27 [notice] 23#23: exit
2022/04/01 05:59:27 [notice] 26#26: exit
2022/04/01 05:59:27 [notice] 1#1: signal 17 (SIGCHLD) received from 25
2022/04/01 05:59:27 [notice] 1#1: worker process 25 exited with code 0
2022/04/01 05:59:27 [notice] 1#1: signal 29 (SIGIO) received
2022/04/01 05:59:27 [notice] 1#1: signal 17 (SIGCHLD) received from 24
2022/04/01 05:59:27 [notice] 1#1: worker process 24 exited with code 0
2022/04/01 05:59:27 [notice] 1#1: signal 29 (SIGIO) received
2022/04/01 05:59:27 [notice] 1#1: signal 17 (SIGCHLD) received from 23
2022/04/01 05:59:27 [notice] 1#1: worker process 23 exited with code 0
2022/04/01 05:59:27 [notice] 1#1: signal 29 (SIGIO) received
2022/04/01 05:59:27 [notice] 1#1: signal 17 (SIGCHLD) received from 26
2022/04/01 05:59:27 [notice] 1#1: worker process 26 exited with code 0
2022/04/01 05:59:27 [notice] 1#1: exit
2022/04/01 06:01:57 [notice] 1#1: using the "epoll" event method
2022/04/01 06:01:57 [notice] 1#1: nginx/1.21.4
2022/04/01 06:01:57 [notice] 1#1: built by gcc 10.3.1 20210424 (Alpine 10.3.1_git20210424) 
2022/04/01 06:01:57 [notice] 1#1: OS: Linux 5.10.47-linuxkit
2022/04/01 06:01:57 [notice] 1#1: getrlimit(RLIMIT_NOFILE): 1048576:1048576
2022/04/01 06:01:57 [notice] 1#1: start worker processes
2022/04/01 06:01:57 [notice] 1#1: start worker process 23
2022/04/01 06:01:57 [notice] 1#1: start worker process 24
2022/04/01 06:01:57 [notice] 1#1: start worker process 25
2022/04/01 06:01:57 [notice] 1#1: start worker process 26
2022/04/01 06:04:28 [notice] 1#1: signal 3 (SIGQUIT) received, shutting down
2022/04/01 06:04:28 [notice] 23#23: gracefully shutting down
2022/04/01 06:04:28 [notice] 26#26: gracefully shutting down
2022/04/01 06:04:28 [notice] 25#25: gracefully shutting down
2022/04/01 06:04:28 [notice] 24#24: gracefully shutting down
2022/04/01 06:04:28 [notice] 23#23: exiting
2022/04/01 06:04:28 [notice] 26#26: exiting
2022/04/01 06:04:28 [notice] 25#25: exiting
2022/04/01 06:04:28 [notice] 24#24: exiting
2022/04/01 06:04:28 [notice] 23#23: exit
2022/04/01 06:04:28 [notice] 26#26: exit
2022/04/01 06:04:28 [notice] 25#25: exit
2022/04/01 06:04:28 [notice] 24#24: exit
2022/04/01 06:04:28 [notice] 1#1: signal 17 (SIGCHLD) received from 23
2022/04/01 06:04:28 [notice] 1#1: worker process 23 exited with code 0
2022/04/01 06:04:28 [notice] 1#1: worker process 24 exited with code 0
2022/04/01 06:04:28 [notice] 1#1: worker process 25 exited with code 0
2022/04/01 06:04:28 [notice] 1#1: worker process 26 exited with code 0
2022/04/01 06:04:28 [notice] 1#1: exit
2022/04/01 06:04:53 [notice] 1#1: using the "epoll" event method
2022/04/01 06:04:53 [notice] 1#1: nginx/1.21.4
2022/04/01 06:04:53 [notice] 1#1: built by gcc 10.3.1 20210424 (Alpine 10.3.1_git20210424) 
2022/04/01 06:04:53 [notice] 1#1: OS: Linux 5.10.47-linuxkit
2022/04/01 06:04:53 [notice] 1#1: getrlimit(RLIMIT_NOFILE): 1048576:1048576
2022/04/01 06:04:53 [notice] 1#1: start worker processes
2022/04/01 06:04:53 [notice] 1#1: start worker process 25
2022/04/01 06:04:53 [notice] 1#1: start worker process 26
2022/04/01 06:04:53 [notice] 1#1: start worker process 27
2022/04/01 06:04:53 [notice] 1#1: start worker process 28
2022/04/01 06:05:56 [notice] 1#1: signal 3 (SIGQUIT) received, shutting down
2022/04/01 06:05:56 [notice] 25#25: gracefully shutting down
2022/04/01 06:05:56 [notice] 25#25: exiting
2022/04/01 06:05:56 [notice] 26#26: gracefully shutting down
2022/04/01 06:05:56 [notice] 28#28: gracefully shutting down
2022/04/01 06:05:56 [notice] 27#27: gracefully shutting down
2022/04/01 06:05:56 [notice] 27#27: exiting
2022/04/01 06:05:56 [notice] 25#25: exit
2022/04/01 06:05:56 [notice] 26#26: exiting
2022/04/01 06:05:56 [notice] 26#26: exit
2022/04/01 06:05:56 [notice] 28#28: exiting
2022/04/01 06:05:56 [notice] 27#27: exit
2022/04/01 06:05:56 [notice] 28#28: exit
2022/04/01 06:05:56 [notice] 1#1: signal 17 (SIGCHLD) received from 25
2022/04/01 06:05:56 [notice] 1#1: worker process 25 exited with code 0
2022/04/01 06:05:56 [notice] 1#1: signal 29 (SIGIO) received
2022/04/01 06:05:56 [notice] 1#1: signal 17 (SIGCHLD) received from 27
2022/04/01 06:05:56 [notice] 1#1: worker process 27 exited with code 0
2022/04/01 06:05:56 [notice] 1#1: signal 29 (SIGIO) received
2022/04/01 06:05:56 [notice] 1#1: signal 17 (SIGCHLD) received from 26
2022/04/01 06:05:56 [notice] 1#1: worker process 26 exited with code 0
2022/04/01 06:05:56 [notice] 1#1: signal 29 (SIGIO) received
2022/04/01 06:05:56 [notice] 1#1: signal 17 (SIGCHLD) received from 28
2022/04/01 06:05:56 [notice] 1#1: worker process 28 exited with code 0
2022/04/01 06:05:56 [notice] 1#1: exit
2022/04/01 06:06:23 [emerg] 1#1: host not found in upstream "laravel_news" in /etc/nginx/conf.d/nginx.conf:17
2022/04/01 06:06:48 [notice] 1#1: using the "epoll" event method
2022/04/01 06:06:48 [notice] 1#1: nginx/1.21.4
2022/04/01 06:06:48 [notice] 1#1: built by gcc 10.3.1 20210424 (Alpine 10.3.1_git20210424) 
2022/04/01 06:06:48 [notice] 1#1: OS: Linux 5.10.47-linuxkit
2022/04/01 06:06:48 [notice] 1#1: getrlimit(RLIMIT_NOFILE): 1048576:1048576
2022/04/01 06:06:48 [notice] 1#1: start worker processes
2022/04/01 06:06:48 [notice] 1#1: start worker process 23
2022/04/01 06:06:48 [notice] 1#1: start worker process 24
2022/04/01 06:06:48 [notice] 1#1: start worker process 25
2022/04/01 06:06:48 [notice] 1#1: start worker process 26
2022/04/01 06:07:36 [error] 23#23: *1 connect() failed (111: Connection refused) while connecting to upstream, client: 192.168.128.1, server: , request: "GET /login HTTP/1.1", upstream: "fastcgi://192.168.128.3:9000", host: "localhost"
2022/04/01 06:11:12 [notice] 1#1: signal 3 (SIGQUIT) received, shutting down
2022/04/01 06:11:12 [notice] 23#23: gracefully shutting down
2022/04/01 06:11:12 [notice] 26#26: gracefully shutting down
2022/04/01 06:11:12 [notice] 25#25: gracefully shutting down
2022/04/01 06:11:12 [notice] 24#24: gracefully shutting down
2022/04/01 06:11:12 [notice] 24#24: exiting
2022/04/01 06:11:12 [notice] 23#23: exiting
2022/04/01 06:11:12 [notice] 26#26: exiting
2022/04/01 06:11:12 [notice] 25#25: exiting
2022/04/01 06:11:12 [notice] 25#25: exit
2022/04/01 06:11:12 [notice] 24#24: exit
2022/04/01 06:11:12 [notice] 23#23: exit
2022/04/01 06:11:12 [notice] 26#26: exit
2022/04/01 06:11:12 [notice] 1#1: signal 17 (SIGCHLD) received from 25
2022/04/01 06:11:12 [notice] 1#1: worker process 25 exited with code 0
2022/04/01 06:11:12 [notice] 1#1: signal 29 (SIGIO) received
2022/04/01 06:11:12 [notice] 1#1: signal 17 (SIGCHLD) received from 24
2022/04/01 06:11:12 [notice] 1#1: worker process 24 exited with code 0
2022/04/01 06:11:12 [notice] 1#1: signal 29 (SIGIO) received
2022/04/01 06:11:12 [notice] 1#1: signal 17 (SIGCHLD) received from 26
2022/04/01 06:11:12 [notice] 1#1: worker process 26 exited with code 0
2022/04/01 06:11:12 [notice] 1#1: signal 29 (SIGIO) received
2022/04/01 06:11:12 [notice] 1#1: signal 17 (SIGCHLD) received from 23
2022/04/01 06:11:12 [notice] 1#1: worker process 23 exited with code 0
2022/04/01 06:11:12 [notice] 1#1: exit
2022/04/01 06:11:31 [notice] 1#1: using the "epoll" event method
2022/04/01 06:11:31 [notice] 1#1: nginx/1.21.4
2022/04/01 06:11:31 [notice] 1#1: built by gcc 10.3.1 20210424 (Alpine 10.3.1_git20210424) 
2022/04/01 06:11:31 [notice] 1#1: OS: Linux 5.10.47-linuxkit
2022/04/01 06:11:31 [notice] 1#1: getrlimit(RLIMIT_NOFILE): 1048576:1048576
2022/04/01 06:11:31 [notice] 1#1: start worker processes
2022/04/01 06:11:31 [notice] 1#1: start worker process 23
2022/04/01 06:11:31 [notice] 1#1: start worker process 24
2022/04/01 06:11:31 [notice] 1#1: start worker process 25
2022/04/01 06:11:31 [notice] 1#1: start worker process 26
2022/04/01 06:12:02 [notice] 1#1: signal 3 (SIGQUIT) received, shutting down
2022/04/01 06:12:02 [notice] 23#23: gracefully shutting down
2022/04/01 06:12:02 [notice] 24#24: gracefully shutting down
2022/04/01 06:12:02 [notice] 26#26: gracefully shutting down
2022/04/01 06:12:02 [notice] 26#26: exiting
2022/04/01 06:12:02 [notice] 25#25: gracefully shutting down
2022/04/01 06:12:02 [notice] 24#24: exiting
2022/04/01 06:12:02 [notice] 26#26: exit
2022/04/01 06:12:02 [notice] 25#25: exiting
2022/04/01 06:12:02 [notice] 24#24: exit
2022/04/01 06:12:02 [notice] 25#25: exit
2022/04/01 06:12:02 [notice] 1#1: signal 17 (SIGCHLD) received from 26
2022/04/01 06:12:02 [notice] 1#1: worker process 26 exited with code 0
2022/04/01 06:12:02 [notice] 1#1: signal 29 (SIGIO) received
2022/04/01 06:12:02 [notice] 1#1: signal 17 (SIGCHLD) received from 25
2022/04/01 06:12:02 [notice] 1#1: worker process 25 exited with code 0
2022/04/01 06:12:02 [notice] 1#1: signal 29 (SIGIO) received
2022/04/01 06:12:02 [notice] 1#1: signal 17 (SIGCHLD) received from 24
2022/04/01 06:12:02 [notice] 1#1: worker process 24 exited with code 0
2022/04/01 06:12:02 [notice] 1#1: signal 29 (SIGIO) received
2022/04/01 06:12:30 [emerg] 1#1: host not found in upstream "laravel_news" in /etc/nginx/conf.d/nginx.conf:17
2022/04/01 06:20:24 [notice] 1#1: using the "epoll" event method
2022/04/01 06:20:24 [notice] 1#1: nginx/1.21.4
2022/04/01 06:20:24 [notice] 1#1: built by gcc 10.3.1 20210424 (Alpine 10.3.1_git20210424) 
2022/04/01 06:20:24 [notice] 1#1: OS: Linux 5.10.47-linuxkit
2022/04/01 06:20:24 [notice] 1#1: getrlimit(RLIMIT_NOFILE): 1048576:1048576
2022/04/01 06:20:24 [notice] 1#1: start worker processes
2022/04/01 06:20:24 [notice] 1#1: start worker process 27
2022/04/01 06:20:24 [notice] 1#1: start worker process 28
2022/04/01 06:20:24 [notice] 1#1: start worker process 29
2022/04/01 06:20:24 [notice] 1#1: start worker process 30
2022/04/01 06:20:29 [notice] 1#1: signal 3 (SIGQUIT) received, shutting down
2022/04/01 06:20:29 [notice] 28#28: gracefully shutting down
2022/04/01 06:20:29 [notice] 29#29: gracefully shutting down
2022/04/01 06:20:29 [notice] 29#29: exiting
2022/04/01 06:20:29 [notice] 27#27: gracefully shutting down
2022/04/01 06:20:29 [notice] 27#27: exiting
2022/04/01 06:20:29 [notice] 30#30: gracefully shutting down
2022/04/01 06:20:29 [notice] 30#30: exiting
2022/04/01 06:20:29 [notice] 28#28: exiting
2022/04/01 06:20:29 [notice] 28#28: exit
2022/04/01 06:20:29 [notice] 29#29: exit
2022/04/01 06:20:29 [notice] 27#27: exit
2022/04/01 06:20:29 [notice] 30#30: exit
2022/04/01 06:20:29 [notice] 1#1: signal 17 (SIGCHLD) received from 27
2022/04/01 06:20:29 [notice] 1#1: worker process 27 exited with code 0
2022/04/01 06:20:29 [notice] 1#1: worker process 28 exited with code 0
2022/04/01 06:20:29 [notice] 1#1: signal 29 (SIGIO) received
2022/04/01 06:20:29 [notice] 1#1: signal 17 (SIGCHLD) received from 28
2022/04/01 06:20:29 [notice] 1#1: signal 17 (SIGCHLD) received from 29
2022/04/01 06:20:29 [notice] 1#1: worker process 29 exited with code 0
2022/04/01 06:20:29 [notice] 1#1: signal 29 (SIGIO) received
2022/04/01 06:20:29 [notice] 1#1: signal 17 (SIGCHLD) received from 30
2022/04/01 06:20:29 [notice] 1#1: worker process 30 exited with code 0
2022/04/01 06:20:29 [notice] 1#1: exit
2022/04/01 06:20:37 [notice] 1#1: using the "epoll" event method
2022/04/01 06:20:37 [notice] 1#1: nginx/1.21.4
2022/04/01 06:20:37 [notice] 1#1: built by gcc 10.3.1 20210424 (Alpine 10.3.1_git20210424) 
2022/04/01 06:20:37 [notice] 1#1: OS: Linux 5.10.47-linuxkit
2022/04/01 06:20:37 [notice] 1#1: getrlimit(RLIMIT_NOFILE): 1048576:1048576
2022/04/01 06:20:37 [notice] 1#1: start worker processes
2022/04/01 06:20:37 [notice] 1#1: start worker process 24
2022/04/01 06:20:37 [notice] 1#1: start worker process 25
2022/04/01 06:20:37 [notice] 1#1: start worker process 26
2022/04/01 06:20:37 [notice] 1#1: start worker process 27
2022/04/01 06:31:37 [notice] 1#1: signal 3 (SIGQUIT) received, shutting down
2022/04/01 06:31:37 [notice] 24#24: gracefully shutting down
2022/04/01 06:31:37 [notice] 27#27: gracefully shutting down
2022/04/01 06:31:37 [notice] 26#26: gracefully shutting down
2022/04/01 06:31:37 [notice] 25#25: gracefully shutting down
2022/04/01 06:31:37 [notice] 25#25: exiting
2022/04/01 06:31:37 [notice] 24#24: exiting
2022/04/01 06:31:37 [notice] 27#27: exiting
2022/04/01 06:31:37 [notice] 27#27: exit
2022/04/01 06:31:37 [notice] 26#26: exiting
2022/04/01 06:31:37 [notice] 26#26: exit
2022/04/01 06:31:37 [notice] 25#25: exit
2022/04/01 06:31:37 [notice] 24#24: exit
2022/04/01 06:31:37 [notice] 1#1: signal 17 (SIGCHLD) received from 27
2022/04/01 06:31:37 [notice] 1#1: worker process 27 exited with code 0
2022/04/01 06:31:37 [notice] 1#1: signal 29 (SIGIO) received
2022/04/01 06:31:37 [notice] 1#1: signal 17 (SIGCHLD) received from 26
2022/04/01 06:31:37 [notice] 1#1: worker process 26 exited with code 0
2022/04/01 06:31:37 [notice] 1#1: signal 29 (SIGIO) received
2022/04/01 06:31:37 [notice] 1#1: signal 17 (SIGCHLD) received from 24
2022/04/01 06:31:37 [notice] 1#1: worker process 24 exited with code 0
2022/04/01 06:31:37 [notice] 1#1: worker process 25 exited with code 0
2022/04/01 06:31:37 [notice] 1#1: exit
2022/04/01 06:49:28 [notice] 1#1: using the "epoll" event method
2022/04/01 06:49:28 [notice] 1#1: nginx/1.21.4
2022/04/01 06:49:28 [notice] 1#1: built by gcc 10.3.1 20210424 (Alpine 10.3.1_git20210424) 
2022/04/01 06:49:28 [notice] 1#1: OS: Linux 5.10.47-linuxkit
2022/04/01 06:49:28 [notice] 1#1: getrlimit(RLIMIT_NOFILE): 1048576:1048576
2022/04/01 06:49:28 [notice] 1#1: start worker processes
2022/04/01 06:49:28 [notice] 1#1: start worker process 24
2022/04/01 06:49:28 [notice] 1#1: start worker process 25
2022/04/01 06:49:28 [notice] 1#1: start worker process 26
2022/04/01 06:49:28 [notice] 1#1: start worker process 27
2022/04/01 06:49:31 [notice] 1#1: signal 3 (SIGQUIT) received, shutting down
2022/04/01 06:49:31 [notice] 24#24: gracefully shutting down
2022/04/01 06:49:31 [notice] 25#25: gracefully shutting down
2022/04/01 06:49:31 [notice] 25#25: exiting
2022/04/01 06:49:31 [notice] 26#26: gracefully shutting down
2022/04/01 06:49:31 [notice] 27#27: gracefully shutting down
2022/04/01 06:49:31 [notice] 24#24: exiting
2022/04/01 06:49:31 [notice] 25#25: exit
2022/04/01 06:49:31 [notice] 26#26: exiting
2022/04/01 06:49:31 [notice] 27#27: exiting
2022/04/01 06:49:31 [notice] 24#24: exit
2022/04/01 06:49:31 [notice] 26#26: exit
2022/04/01 06:49:31 [notice] 27#27: exit
2022/04/01 06:49:31 [notice] 1#1: signal 17 (SIGCHLD) received from 25
2022/04/01 06:49:31 [notice] 1#1: worker process 25 exited with code 0
2022/04/01 06:49:31 [notice] 1#1: signal 29 (SIGIO) received
2022/04/01 06:49:31 [notice] 1#1: signal 17 (SIGCHLD) received from 26
2022/04/01 06:49:31 [notice] 1#1: worker process 24 exited with code 0
2022/04/01 06:49:31 [notice] 1#1: worker process 26 exited with code 0
2022/04/01 06:49:31 [notice] 1#1: signal 29 (SIGIO) received
2022/04/01 06:49:31 [notice] 1#1: signal 17 (SIGCHLD) received from 27
2022/04/01 06:49:31 [notice] 1#1: worker process 27 exited with code 0
2022/04/01 06:49:31 [notice] 1#1: exit
2022/04/01 06:49:56 [notice] 1#1: using the "epoll" event method
2022/04/01 06:49:56 [notice] 1#1: nginx/1.21.4
2022/04/01 06:49:56 [notice] 1#1: built by gcc 10.3.1 20210424 (Alpine 10.3.1_git20210424) 
2022/04/01 06:49:56 [notice] 1#1: OS: Linux 5.10.47-linuxkit
2022/04/01 06:49:56 [notice] 1#1: getrlimit(RLIMIT_NOFILE): 1048576:1048576
2022/04/01 06:49:56 [notice] 1#1: start worker processes
2022/04/01 06:49:56 [notice] 1#1: start worker process 22
2022/04/01 06:49:56 [notice] 1#1: start worker process 23
2022/04/01 06:49:56 [notice] 1#1: start worker process 24
2022/04/01 06:49:56 [notice] 1#1: start worker process 25
2022/04/01 06:51:10 [error] 22#22: *2 connect() failed (113: Host is unreachable) while connecting to upstream, client: 172.19.0.1, server: , request: "GET / HTTP/1.1", upstream: "fastcgi://172.19.0.3:9000", host: "localhost"
2022/04/01 06:51:21 [notice] 1#1: signal 3 (SIGQUIT) received, shutting down
2022/04/01 06:51:21 [notice] 22#22: gracefully shutting down
2022/04/01 06:51:21 [notice] 23#23: gracefully shutting down
2022/04/01 06:51:21 [notice] 25#25: gracefully shutting down
2022/04/01 06:51:21 [notice] 25#25: exiting
2022/04/01 06:51:21 [notice] 24#24: gracefully shutting down
2022/04/01 06:51:21 [notice] 24#24: exiting
2022/04/01 06:51:21 [notice] 22#22: exiting
2022/04/01 06:51:21 [notice] 22#22: exit
2022/04/01 06:51:21 [notice] 25#25: exit
2022/04/01 06:51:21 [notice] 24#24: exit
2022/04/01 06:51:21 [notice] 1#1: signal 17 (SIGCHLD) received from 22
2022/04/01 06:51:21 [notice] 1#1: worker process 22 exited with code 0
2022/04/01 06:51:21 [notice] 1#1: signal 29 (SIGIO) received
2022/04/01 06:51:21 [notice] 1#1: signal 17 (SIGCHLD) received from 25
2022/04/01 06:51:21 [notice] 1#1: worker process 24 exited with code 0
2022/04/01 06:51:21 [notice] 1#1: worker process 25 exited with code 0
2022/04/01 06:51:21 [notice] 1#1: signal 29 (SIGIO) received
2022/04/01 06:52:15 [notice] 1#1: using the "epoll" event method
2022/04/01 06:52:15 [notice] 1#1: nginx/1.21.4
2022/04/01 06:52:15 [notice] 1#1: built by gcc 10.3.1 20210424 (Alpine 10.3.1_git20210424) 
2022/04/01 06:52:15 [notice] 1#1: OS: Linux 5.10.47-linuxkit
2022/04/01 06:52:15 [notice] 1#1: getrlimit(RLIMIT_NOFILE): 1048576:1048576
2022/04/01 06:52:15 [notice] 1#1: start worker processes
2022/04/01 06:52:15 [notice] 1#1: start worker process 21
2022/04/01 06:52:15 [notice] 1#1: start worker process 22
2022/04/01 06:52:15 [notice] 1#1: start worker process 23
2022/04/01 06:52:15 [notice] 1#1: start worker process 24
2022/04/01 06:53:56 [error] 21#21: *2 connect() failed (113: Host is unreachable) while connecting to upstream, client: 172.19.0.1, server: , request: "GET / HTTP/1.1", upstream: "fastcgi://172.19.0.3:9000", host: "localhost"
2022/04/01 06:54:51 [notice] 1#1: signal 3 (SIGQUIT) received, shutting down
2022/04/01 06:54:51 [notice] 22#22: gracefully shutting down
2022/04/01 06:54:51 [notice] 21#21: gracefully shutting down
2022/04/01 06:54:51 [notice] 23#23: gracefully shutting down
2022/04/01 06:54:51 [notice] 23#23: exiting
2022/04/01 06:54:51 [notice] 24#24: gracefully shutting down
2022/04/01 06:54:51 [notice] 21#21: exiting
2022/04/01 06:54:51 [notice] 23#23: exit
2022/04/01 06:54:51 [notice] 24#24: exiting
2022/04/01 06:54:51 [notice] 21#21: exit
2022/04/01 06:54:51 [notice] 24#24: exit
2022/04/01 06:54:51 [notice] 1#1: signal 17 (SIGCHLD) received from 23
2022/04/01 06:54:51 [notice] 1#1: worker process 23 exited with code 0
2022/04/01 06:54:51 [notice] 1#1: signal 29 (SIGIO) received
2022/04/01 06:54:51 [notice] 1#1: signal 17 (SIGCHLD) received from 24
2022/04/01 06:54:51 [notice] 1#1: worker process 24 exited with code 0
2022/04/01 06:54:51 [notice] 1#1: signal 29 (SIGIO) received
2022/04/01 06:54:51 [notice] 1#1: signal 17 (SIGCHLD) received from 21
2022/04/01 06:54:51 [notice] 1#1: worker process 21 exited with code 0
2022/04/01 06:54:51 [notice] 1#1: signal 29 (SIGIO) received
2022/04/01 06:54:52 [notice] 22#22: exiting
2022/04/01 06:54:52 [notice] 22#22: exit
2022/04/01 06:54:52 [notice] 1#1: signal 17 (SIGCHLD) received from 22
2022/04/01 06:54:52 [notice] 1#1: worker process 22 exited with code 0
2022/04/01 06:54:53 [notice] 1#1: exit
2022/04/01 06:55:04 [notice] 1#1: using the "epoll" event method
2022/04/01 06:55:04 [notice] 1#1: nginx/1.21.4
2022/04/01 06:55:04 [notice] 1#1: built by gcc 10.3.1 20210424 (Alpine 10.3.1_git20210424) 
2022/04/01 06:55:04 [notice] 1#1: OS: Linux 5.10.47-linuxkit
2022/04/01 06:55:04 [notice] 1#1: getrlimit(RLIMIT_NOFILE): 1048576:1048576
2022/04/01 06:55:04 [notice] 1#1: start worker processes
2022/04/01 06:55:04 [notice] 1#1: start worker process 24
2022/04/01 06:55:04 [notice] 1#1: start worker process 25
2022/04/01 06:55:04 [notice] 1#1: start worker process 26
2022/04/01 06:55:04 [notice] 1#1: start worker process 27
2022/04/01 06:56:42 [notice] 1#1: signal 3 (SIGQUIT) received, shutting down
2022/04/01 06:56:42 [notice] 25#25: gracefully shutting down
2022/04/01 06:56:42 [notice] 24#24: gracefully shutting down
2022/04/01 06:56:42 [notice] 26#26: gracefully shutting down
2022/04/01 06:56:42 [notice] 27#27: gracefully shutting down
2022/04/01 06:56:42 [notice] 25#25: exiting
2022/04/01 06:56:42 [notice] 24#24: exiting
2022/04/01 06:56:42 [notice] 26#26: exiting
2022/04/01 06:56:42 [notice] 27#27: exiting
2022/04/01 06:56:42 [notice] 25#25: exit
2022/04/01 06:56:42 [notice] 24#24: exit
2022/04/01 06:56:42 [notice] 26#26: exit
2022/04/01 06:56:42 [notice] 27#27: exit
2022/04/01 06:56:43 [notice] 1#1: signal 17 (SIGCHLD) received from 25
2022/04/01 06:56:43 [notice] 1#1: worker process 25 exited with code 0
2022/04/01 06:56:43 [notice] 1#1: signal 29 (SIGIO) received
2022/04/01 06:56:43 [notice] 1#1: signal 17 (SIGCHLD) received from 26
2022/04/01 06:56:43 [notice] 1#1: worker process 26 exited with code 0
2022/04/01 06:56:43 [notice] 1#1: signal 29 (SIGIO) received
2022/04/01 06:56:43 [notice] 1#1: signal 17 (SIGCHLD) received from 27
2022/04/01 06:56:43 [notice] 1#1: worker process 24 exited with code 0
2022/04/01 06:56:43 [notice] 1#1: worker process 27 exited with code 0
2022/04/01 06:56:43 [notice] 1#1: exit
2022/04/01 07:02:09 [notice] 1#1: using the "epoll" event method
2022/04/01 07:02:09 [notice] 1#1: nginx/1.21.4
2022/04/01 07:02:09 [notice] 1#1: built by gcc 10.3.1 20210424 (Alpine 10.3.1_git20210424) 
2022/04/01 07:02:09 [notice] 1#1: OS: Linux 5.10.47-linuxkit
2022/04/01 07:02:09 [notice] 1#1: getrlimit(RLIMIT_NOFILE): 1048576:1048576
2022/04/01 07:02:09 [notice] 1#1: start worker processes
2022/04/01 07:02:09 [notice] 1#1: start worker process 22
2022/04/01 07:02:09 [notice] 1#1: start worker process 23
2022/04/01 07:02:09 [notice] 1#1: start worker process 24
2022/04/01 07:02:09 [notice] 1#1: start worker process 25
2022/04/01 07:02:21 [notice] 1#1: signal 3 (SIGQUIT) received, shutting down
2022/04/01 07:02:21 [notice] 23#23: gracefully shutting down
2022/04/01 07:02:21 [notice] 23#23: exiting
2022/04/01 07:02:21 [notice] 22#22: gracefully shutting down
2022/04/01 07:02:21 [notice] 22#22: exiting
2022/04/01 07:02:21 [notice] 24#24: gracefully shutting down
2022/04/01 07:02:21 [notice] 24#24: exiting
2022/04/01 07:02:21 [notice] 25#25: gracefully shutting down
2022/04/01 07:02:21 [notice] 25#25: exiting
2022/04/01 07:02:21 [notice] 23#23: exit
2022/04/01 07:02:21 [notice] 22#22: exit
2022/04/01 07:02:21 [notice] 24#24: exit
2022/04/01 07:02:21 [notice] 25#25: exit
2022/04/01 07:02:21 [notice] 1#1: signal 17 (SIGCHLD) received from 22
2022/04/01 07:02:21 [notice] 1#1: worker process 22 exited with code 0
2022/04/01 07:02:21 [notice] 1#1: signal 29 (SIGIO) received
2022/04/01 07:02:21 [notice] 1#1: signal 17 (SIGCHLD) received from 24
2022/04/01 07:02:21 [notice] 1#1: worker process 24 exited with code 0
2022/04/01 07:02:21 [notice] 1#1: signal 29 (SIGIO) received
2022/04/01 07:02:21 [notice] 1#1: signal 17 (SIGCHLD) received from 25
2022/04/01 07:02:21 [notice] 1#1: worker process 23 exited with code 0
2022/04/01 07:02:21 [notice] 1#1: worker process 25 exited with code 0
2022/04/01 07:02:21 [notice] 1#1: exit
2022/04/01 07:02:27 [notice] 1#1: using the "epoll" event method
2022/04/01 07:02:27 [notice] 1#1: nginx/1.21.4
2022/04/01 07:02:27 [notice] 1#1: built by gcc 10.3.1 20210424 (Alpine 10.3.1_git20210424) 
2022/04/01 07:02:27 [notice] 1#1: OS: Linux 5.10.47-linuxkit
2022/04/01 07:02:27 [notice] 1#1: getrlimit(RLIMIT_NOFILE): 1048576:1048576
2022/04/01 07:02:27 [notice] 1#1: start worker processes
2022/04/01 07:02:27 [notice] 1#1: start worker process 22
2022/04/01 07:02:27 [notice] 1#1: start worker process 23
2022/04/01 07:02:27 [notice] 1#1: start worker process 24
2022/04/01 07:02:27 [notice] 1#1: start worker process 25
2022/04/01 07:10:38 [notice] 1#1: signal 3 (SIGQUIT) received, shutting down
2022/04/01 07:10:38 [notice] 24#24: gracefully shutting down
2022/04/01 07:10:38 [notice] 22#22: gracefully shutting down
2022/04/01 07:10:38 [notice] 25#25: gracefully shutting down
2022/04/01 07:10:38 [notice] 25#25: exiting
2022/04/01 07:10:38 [notice] 23#23: gracefully shutting down
2022/04/01 07:10:38 [notice] 24#24: exiting
2022/04/01 07:10:38 [notice] 22#22: exiting
2022/04/01 07:10:38 [notice] 25#25: exit
2022/04/01 07:10:38 [notice] 23#23: exiting
2022/04/01 07:10:38 [notice] 24#24: exit
2022/04/01 07:10:38 [notice] 22#22: exit
2022/04/01 07:10:38 [notice] 23#23: exit
2022/04/01 07:10:38 [notice] 1#1: signal 17 (SIGCHLD) received from 25
2022/04/01 07:10:38 [notice] 1#1: worker process 25 exited with code 0
2022/04/01 07:10:38 [notice] 1#1: signal 29 (SIGIO) received
2022/04/01 07:10:38 [notice] 1#1: signal 17 (SIGCHLD) received from 22
2022/04/01 07:10:38 [notice] 1#1: worker process 22 exited with code 0
2022/04/01 07:10:38 [notice] 1#1: signal 29 (SIGIO) received
2022/04/01 07:10:38 [notice] 1#1: signal 17 (SIGCHLD) received from 24
2022/04/01 07:10:38 [notice] 1#1: worker process 24 exited with code 0
2022/04/01 07:10:38 [notice] 1#1: signal 29 (SIGIO) received
2022/04/01 07:10:38 [notice] 1#1: signal 17 (SIGCHLD) received from 23
2022/04/01 07:10:38 [notice] 1#1: worker process 23 exited with code 0
2022/04/01 07:10:38 [notice] 1#1: exit
2022/04/01 07:10:49 [notice] 1#1: using the "epoll" event method
2022/04/01 07:10:49 [notice] 1#1: nginx/1.21.4
2022/04/01 07:10:49 [notice] 1#1: built by gcc 10.3.1 20210424 (Alpine 10.3.1_git20210424) 
2022/04/01 07:10:49 [notice] 1#1: OS: Linux 5.10.47-linuxkit
2022/04/01 07:10:49 [notice] 1#1: getrlimit(RLIMIT_NOFILE): 1048576:1048576
2022/04/01 07:10:49 [notice] 1#1: start worker processes
2022/04/01 07:10:49 [notice] 1#1: start worker process 23
2022/04/01 07:10:49 [notice] 1#1: start worker process 24
2022/04/01 07:10:49 [notice] 1#1: start worker process 25
2022/04/01 07:10:49 [notice] 1#1: start worker process 26
2022/04/01 07:21:49 [notice] 1#1: signal 3 (SIGQUIT) received, shutting down
2022/04/01 07:21:49 [notice] 23#23: gracefully shutting down
2022/04/01 07:21:49 [notice] 24#24: gracefully shutting down
2022/04/01 07:21:49 [notice] 26#26: gracefully shutting down
2022/04/01 07:21:49 [notice] 26#26: exiting
2022/04/01 07:21:49 [notice] 25#25: gracefully shutting down
2022/04/01 07:21:49 [notice] 25#25: exiting
2022/04/01 07:21:49 [notice] 24#24: exiting
2022/04/01 07:21:49 [notice] 26#26: exit
2022/04/01 07:21:49 [notice] 25#25: exit
2022/04/01 07:21:49 [notice] 24#24: exit
2022/04/01 07:21:49 [notice] 1#1: signal 17 (SIGCHLD) received from 25
2022/04/01 07:21:49 [notice] 1#1: worker process 25 exited with code 0
2022/04/01 07:21:49 [notice] 1#1: worker process 26 exited with code 0
2022/04/01 07:21:49 [notice] 1#1: signal 29 (SIGIO) received
2022/04/01 07:21:49 [notice] 1#1: signal 17 (SIGCHLD) received from 24
2022/04/01 07:21:49 [notice] 1#1: worker process 24 exited with code 0
2022/04/01 07:21:49 [notice] 1#1: signal 29 (SIGIO) received
2022/04/01 07:22:10 [notice] 1#1: using the "epoll" event method
2022/04/01 07:22:10 [notice] 1#1: nginx/1.21.4
2022/04/01 07:22:10 [notice] 1#1: built by gcc 10.3.1 20210424 (Alpine 10.3.1_git20210424) 
2022/04/01 07:22:10 [notice] 1#1: OS: Linux 5.10.47-linuxkit
2022/04/01 07:22:10 [notice] 1#1: getrlimit(RLIMIT_NOFILE): 1048576:1048576
2022/04/01 07:22:10 [notice] 1#1: start worker processes
2022/04/01 07:22:10 [notice] 1#1: start worker process 24
2022/04/01 07:22:10 [notice] 1#1: start worker process 25
2022/04/01 07:22:10 [notice] 1#1: start worker process 26
2022/04/01 07:22:10 [notice] 1#1: start worker process 27
2022/04/01 08:10:26 [notice] 1#1: signal 3 (SIGQUIT) received, shutting down
2022/04/01 08:10:26 [notice] 24#24: gracefully shutting down
2022/04/01 08:10:26 [notice] 25#25: gracefully shutting down
2022/04/01 08:10:26 [notice] 27#27: gracefully shutting down
2022/04/01 08:10:26 [notice] 27#27: exiting
2022/04/01 08:10:26 [notice] 26#26: gracefully shutting down
2022/04/01 08:10:26 [notice] 24#24: exiting
2022/04/01 08:10:26 [notice] 25#25: exiting
2022/04/01 08:10:26 [notice] 27#27: exit
2022/04/01 08:10:26 [notice] 25#25: exit
2022/04/01 08:10:26 [notice] 26#26: exiting
2022/04/01 08:10:26 [notice] 24#24: exit
2022/04/01 08:10:26 [notice] 26#26: exit
2022/04/01 08:10:26 [notice] 1#1: signal 17 (SIGCHLD) received from 27
2022/04/01 08:10:26 [notice] 1#1: worker process 25 exited with code 0
2022/04/01 08:10:26 [notice] 1#1: worker process 27 exited with code 0
2022/04/01 08:10:26 [notice] 1#1: signal 29 (SIGIO) received
2022/04/01 08:10:26 [notice] 1#1: signal 17 (SIGCHLD) received from 24
2022/04/01 08:10:26 [notice] 1#1: worker process 24 exited with code 0
2022/04/01 08:10:26 [notice] 1#1: signal 29 (SIGIO) received
2022/04/01 08:10:26 [notice] 1#1: signal 17 (SIGCHLD) received from 26
2022/04/01 08:10:26 [notice] 1#1: worker process 26 exited with code 0
2022/04/01 08:10:26 [notice] 1#1: exit
2022/04/01 08:11:05 [notice] 1#1: using the "epoll" event method
2022/04/01 08:11:05 [notice] 1#1: nginx/1.21.4
2022/04/01 08:11:05 [notice] 1#1: built by gcc 10.3.1 20210424 (Alpine 10.3.1_git20210424) 
2022/04/01 08:11:05 [notice] 1#1: OS: Linux 5.10.47-linuxkit
2022/04/01 08:11:05 [notice] 1#1: getrlimit(RLIMIT_NOFILE): 1048576:1048576
2022/04/01 08:11:05 [notice] 1#1: start worker processes
2022/04/01 08:11:05 [notice] 1#1: start worker process 22
2022/04/01 08:11:05 [notice] 1#1: start worker process 23
2022/04/01 08:11:05 [notice] 1#1: start worker process 24
2022/04/01 08:11:05 [notice] 1#1: start worker process 25
2022/04/01 08:14:01 [notice] 1#1: signal 3 (SIGQUIT) received, shutting down
2022/04/01 08:14:01 [notice] 23#23: gracefully shutting down
2022/04/01 08:14:01 [notice] 22#22: gracefully shutting down
2022/04/01 08:14:01 [notice] 24#24: gracefully shutting down
2022/04/01 08:14:01 [notice] 25#25: gracefully shutting down
2022/04/01 08:14:01 [notice] 23#23: exiting
2022/04/01 08:14:01 [notice] 23#23: exit
2022/04/01 08:14:01 [notice] 22#22: exiting
2022/04/01 08:14:01 [notice] 24#24: exiting
2022/04/01 08:14:01 [notice] 25#25: exiting
2022/04/01 08:14:01 [notice] 25#25: exit
2022/04/01 08:14:01 [notice] 22#22: exit
2022/04/01 08:14:01 [notice] 24#24: exit
2022/04/01 08:14:01 [notice] 1#1: signal 17 (SIGCHLD) received from 23
2022/04/01 08:14:01 [notice] 1#1: worker process 23 exited with code 0
2022/04/01 08:14:01 [notice] 1#1: signal 29 (SIGIO) received
2022/04/01 08:14:01 [notice] 1#1: signal 17 (SIGCHLD) received from 22
2022/04/01 08:14:01 [notice] 1#1: worker process 22 exited with code 0
2022/04/01 08:14:01 [notice] 1#1: worker process 25 exited with code 0
2022/04/01 08:14:01 [notice] 1#1: signal 29 (SIGIO) received
2022/04/01 08:14:01 [notice] 1#1: signal 17 (SIGCHLD) received from 24
2022/04/01 08:14:01 [notice] 1#1: worker process 24 exited with code 0
2022/04/01 08:14:01 [notice] 1#1: exit
2022/04/01 08:16:43 [emerg] 1#1: host not found in upstream "laravel_news" in /etc/nginx/conf.d/nginx.conf:17
2022/04/01 08:16:53 [emerg] 1#1: host not found in upstream "laravel_news" in /etc/nginx/conf.d/nginx.conf:17
2022/04/01 08:17:31 [emerg] 1#1: host not found in upstream "laravel_news" in /etc/nginx/conf.d/nginx.conf:17
2022/04/01 08:17:48 [emerg] 1#1: host not found in upstream "laravel_news" in /etc/nginx/conf.d/nginx.conf:17
2022/04/01 08:19:50 [emerg] 1#1: host not found in upstream "laravel_news" in /etc/nginx/conf.d/nginx.conf:17
2022/04/01 08:21:33 [emerg] 1#1: host not found in upstream "laravel_news" in /etc/nginx/conf.d/nginx.conf:17
2022/04/01 08:23:22 [emerg] 1#1: host not found in upstream "laravel_news" in /etc/nginx/conf.d/nginx.conf:17
2022/04/01 08:26:37 [emerg] 1#1: host not found in upstream "laravel_news" in /etc/nginx/conf.d/nginx.conf:17
2022/04/01 08:27:16 [emerg] 1#1: host not found in upstream "laravel_news" in /etc/nginx/conf.d/nginx.conf:17
2022/04/01 08:30:49 [notice] 1#1: using the "epoll" event method
2022/04/01 08:30:49 [notice] 1#1: nginx/1.21.4
2022/04/01 08:30:49 [notice] 1#1: built by gcc 10.3.1 20210424 (Alpine 10.3.1_git20210424) 
2022/04/01 08:30:49 [notice] 1#1: OS: Linux 5.10.47-linuxkit
2022/04/01 08:30:49 [notice] 1#1: getrlimit(RLIMIT_NOFILE): 1048576:1048576
2022/04/01 08:30:49 [notice] 1#1: start worker processes
2022/04/01 08:30:49 [notice] 1#1: start worker process 23
2022/04/01 08:30:49 [notice] 1#1: start worker process 24
2022/04/01 08:30:49 [notice] 1#1: start worker process 25
2022/04/01 08:30:49 [notice] 1#1: start worker process 26
2022/04/01 08:52:41 [notice] 1#1: signal 3 (SIGQUIT) received, shutting down
2022/04/01 08:52:41 [notice] 24#24: gracefully shutting down
2022/04/01 08:52:41 [notice] 23#23: gracefully shutting down
2022/04/01 08:52:41 [notice] 25#25: gracefully shutting down
2022/04/01 08:52:41 [notice] 26#26: gracefully shutting down
2022/04/01 08:52:41 [notice] 24#24: exiting
2022/04/01 08:52:41 [notice] 23#23: exiting
2022/04/01 08:52:41 [notice] 25#25: exiting
2022/04/01 08:52:41 [notice] 26#26: exiting
2022/04/01 08:52:41 [notice] 24#24: exit
2022/04/01 08:52:41 [notice] 23#23: exit
2022/04/01 08:52:41 [notice] 25#25: exit
2022/04/01 08:52:41 [notice] 26#26: exit
2022/04/01 08:52:41 [notice] 1#1: signal 17 (SIGCHLD) received from 23
2022/04/01 08:52:41 [notice] 1#1: worker process 23 exited with code 0
2022/04/01 08:52:41 [notice] 1#1: signal 29 (SIGIO) received
2022/04/01 08:52:41 [notice] 1#1: signal 17 (SIGCHLD) received from 24
2022/04/01 08:52:41 [notice] 1#1: worker process 24 exited with code 0
2022/04/01 08:52:41 [notice] 1#1: signal 29 (SIGIO) received
2022/04/01 08:52:41 [notice] 1#1: signal 17 (SIGCHLD) received from 25
2022/04/01 08:52:41 [notice] 1#1: worker process 25 exited with code 0
2022/04/01 08:52:41 [notice] 1#1: worker process 26 exited with code 0
2022/04/01 08:52:41 [notice] 1#1: exit
2022/04/01 08:52:56 [notice] 1#1: using the "epoll" event method
2022/04/01 08:52:56 [notice] 1#1: nginx/1.21.4
2022/04/01 08:52:56 [notice] 1#1: built by gcc 10.3.1 20210424 (Alpine 10.3.1_git20210424) 
2022/04/01 08:52:56 [notice] 1#1: OS: Linux 5.10.47-linuxkit
2022/04/01 08:52:56 [notice] 1#1: getrlimit(RLIMIT_NOFILE): 1048576:1048576
2022/04/01 08:52:56 [notice] 1#1: start worker processes
2022/04/01 08:52:56 [notice] 1#1: start worker process 22
2022/04/01 08:52:56 [notice] 1#1: start worker process 23
2022/04/01 08:52:56 [notice] 1#1: start worker process 24
2022/04/01 08:52:56 [notice] 1#1: start worker process 25
2022/04/02 18:40:53 [error] 22#22: *515 directory index of "/var/www/html/public/js/helper/" is forbidden, client: 192.168.16.1, server: , request: "GET /js/helper/ HTTP/1.1", host: "localhost"
2022/04/03 22:51:44 [notice] 1#1: signal 3 (SIGQUIT) received, shutting down
2022/04/03 22:51:44 [notice] 23#23: gracefully shutting down
2022/04/03 22:51:44 [notice] 25#25: gracefully shutting down
2022/04/03 22:51:44 [notice] 23#23: exiting
2022/04/03 22:51:44 [notice] 22#22: gracefully shutting down
2022/04/03 22:51:44 [notice] 24#24: gracefully shutting down
2022/04/03 22:51:44 [notice] 25#25: exiting
2022/04/03 22:51:44 [notice] 22#22: exiting
2022/04/03 22:51:44 [notice] 23#23: exit
2022/04/03 22:51:44 [notice] 24#24: exiting
2022/04/03 22:51:44 [notice] 24#24: exit
2022/04/03 22:51:44 [notice] 25#25: exit
2022/04/03 22:51:44 [notice] 22#22: exit
2022/04/03 22:51:44 [notice] 1#1: signal 17 (SIGCHLD) received from 25
2022/04/03 22:51:44 [notice] 1#1: worker process 25 exited with code 0
2022/04/03 22:51:44 [notice] 1#1: signal 29 (SIGIO) received
2022/04/03 22:51:44 [notice] 1#1: signal 17 (SIGCHLD) received from 22
2022/04/03 22:51:44 [notice] 1#1: worker process 22 exited with code 0
2022/04/03 22:51:44 [notice] 1#1: worker process 24 exited with code 0
2022/04/03 22:51:44 [notice] 1#1: signal 17 (SIGCHLD) received from 24
2022/04/03 22:51:44 [notice] 1#1: worker process 23 exited with code 0
2022/04/03 22:51:44 [notice] 1#1: exit
2022/04/03 22:51:44 [notice] 1#1: using the "epoll" event method
2022/04/03 22:51:44 [notice] 1#1: nginx/1.21.4
2022/04/03 22:51:44 [notice] 1#1: built by gcc 10.3.1 20210424 (Alpine 10.3.1_git20210424) 
2022/04/03 22:51:44 [notice] 1#1: OS: Linux 5.10.47-linuxkit
2022/04/03 22:51:44 [notice] 1#1: getrlimit(RLIMIT_NOFILE): 1048576:1048576
2022/04/03 22:51:44 [notice] 1#1: start worker processes
2022/04/03 22:51:44 [notice] 1#1: start worker process 23
2022/04/03 22:51:44 [notice] 1#1: start worker process 24
2022/04/03 22:51:44 [notice] 1#1: start worker process 25
2022/04/03 22:51:44 [notice] 1#1: start worker process 26
2022/04/03 22:54:08 [notice] 1#1: signal 3 (SIGQUIT) received, shutting down
2022/04/03 22:54:08 [notice] 23#23: gracefully shutting down
2022/04/03 22:54:08 [notice] 26#26: gracefully shutting down
2022/04/03 22:54:08 [notice] 24#24: gracefully shutting down
2022/04/03 22:54:08 [notice] 25#25: gracefully shutting down
2022/04/03 22:54:08 [notice] 25#25: exiting
2022/04/03 22:54:08 [notice] 23#23: exiting
2022/04/03 22:54:08 [notice] 26#26: exiting
2022/04/03 22:54:08 [notice] 24#24: exiting
2022/04/03 22:54:08 [notice] 25#25: exit
2022/04/03 22:54:08 [notice] 23#23: exit
2022/04/03 22:54:08 [notice] 26#26: exit
2022/04/03 22:54:08 [notice] 24#24: exit
2022/04/03 22:54:08 [notice] 1#1: signal 17 (SIGCHLD) received from 25
2022/04/03 22:54:08 [notice] 1#1: worker process 25 exited with code 0
2022/04/03 22:54:08 [notice] 1#1: signal 29 (SIGIO) received
2022/04/03 22:54:08 [notice] 1#1: signal 17 (SIGCHLD) received from 23
2022/04/03 22:54:08 [notice] 1#1: worker process 23 exited with code 0
2022/04/03 22:54:08 [notice] 1#1: signal 29 (SIGIO) received
2022/04/03 22:54:08 [notice] 1#1: signal 17 (SIGCHLD) received from 26
2022/04/03 22:54:08 [notice] 1#1: worker process 26 exited with code 0
2022/04/03 22:54:08 [notice] 1#1: signal 17 (SIGCHLD) received from 24
2022/04/03 22:54:08 [notice] 1#1: worker process 24 exited with code 0
2022/04/03 22:54:08 [notice] 1#1: exit
2022/04/03 22:54:08 [notice] 1#1: using the "epoll" event method
2022/04/03 22:54:08 [notice] 1#1: nginx/1.21.4
2022/04/03 22:54:08 [notice] 1#1: built by gcc 10.3.1 20210424 (Alpine 10.3.1_git20210424) 
2022/04/03 22:54:08 [notice] 1#1: OS: Linux 5.10.47-linuxkit
2022/04/03 22:54:08 [notice] 1#1: getrlimit(RLIMIT_NOFILE): 1048576:1048576
2022/04/03 22:54:08 [notice] 1#1: start worker processes
2022/04/03 22:54:08 [notice] 1#1: start worker process 23
2022/04/03 22:54:08 [notice] 1#1: start worker process 24
2022/04/03 22:54:08 [notice] 1#1: start worker process 25
2022/04/03 22:54:08 [notice] 1#1: start worker process 26
2022/04/03 22:55:19 [notice] 1#1: signal 3 (SIGQUIT) received, shutting down
2022/04/03 22:55:19 [notice] 25#25: gracefully shutting down
2022/04/03 22:55:19 [notice] 24#24: gracefully shutting down
2022/04/03 22:55:19 [notice] 24#24: exiting
2022/04/03 22:55:19 [notice] 23#23: gracefully shutting down
2022/04/03 22:55:19 [notice] 23#23: exiting
2022/04/03 22:55:19 [notice] 26#26: gracefully shutting down
2022/04/03 22:55:19 [notice] 25#25: exiting
2022/04/03 22:55:19 [notice] 24#24: exit
2022/04/03 22:55:19 [notice] 23#23: exit
2022/04/03 22:55:19 [notice] 26#26: exiting
2022/04/03 22:55:19 [notice] 25#25: exit
2022/04/03 22:55:19 [notice] 26#26: exit
2022/04/03 22:55:19 [notice] 1#1: signal 17 (SIGCHLD) received from 23
2022/04/03 22:55:19 [notice] 1#1: worker process 23 exited with code 0
2022/04/03 22:55:19 [notice] 1#1: worker process 24 exited with code 0
2022/04/03 22:55:19 [notice] 1#1: signal 29 (SIGIO) received
2022/04/03 22:55:19 [notice] 1#1: signal 17 (SIGCHLD) received from 24
2022/04/03 22:55:19 [notice] 1#1: worker process 26 exited with code 0
2022/04/03 22:55:19 [notice] 1#1: signal 29 (SIGIO) received
2022/04/03 22:55:19 [notice] 1#1: signal 17 (SIGCHLD) received from 26
2022/04/03 22:55:19 [notice] 1#1: signal 17 (SIGCHLD) received from 25
2022/04/03 22:55:19 [notice] 1#1: worker process 25 exited with code 0
2022/04/03 22:55:19 [notice] 1#1: exit
2022/04/03 22:55:31 [notice] 1#1: using the "epoll" event method
2022/04/03 22:55:31 [notice] 1#1: nginx/1.21.4
2022/04/03 22:55:31 [notice] 1#1: built by gcc 10.3.1 20210424 (Alpine 10.3.1_git20210424) 
2022/04/03 22:55:31 [notice] 1#1: OS: Linux 5.10.47-linuxkit
2022/04/03 22:55:31 [notice] 1#1: getrlimit(RLIMIT_NOFILE): 1048576:1048576
2022/04/03 22:55:31 [notice] 1#1: start worker processes
2022/04/03 22:55:31 [notice] 1#1: start worker process 22
2022/04/03 22:55:31 [notice] 1#1: start worker process 23
2022/04/03 22:55:31 [notice] 1#1: start worker process 24
2022/04/03 22:55:31 [notice] 1#1: start worker process 25
2022/04/03 23:29:05 [notice] 1#1: using the "epoll" event method
2022/04/03 23:29:05 [notice] 1#1: nginx/1.21.4
2022/04/03 23:29:05 [notice] 1#1: built by gcc 10.3.1 20210424 (Alpine 10.3.1_git20210424) 
2022/04/03 23:29:05 [notice] 1#1: OS: Linux 5.10.47-linuxkit
2022/04/03 23:29:05 [notice] 1#1: getrlimit(RLIMIT_NOFILE): 1048576:1048576
2022/04/03 23:29:05 [notice] 1#1: start worker processes
2022/04/03 23:29:05 [notice] 1#1: start worker process 22
2022/04/03 23:29:05 [notice] 1#1: start worker process 23
2022/04/03 23:29:05 [notice] 1#1: start worker process 24
2022/04/03 23:29:05 [notice] 1#1: start worker process 25
